#
# There is insufficient memory for the Java Runtime Environment to continue.
# Native memory allocation (malloc) failed to allocate 1423680 bytes. Error detail: Chunk::new
# Possible reasons:
#   The system is out of physical RAM or swap space
#   This process is running with CompressedOops enabled, and the Java Heap may be blocking the growth of the native heap
# Possible solutions:
#   Reduce memory load on the system
#   Increase physical memory or swap space
#   Check if swap backing store is full
#   Decrease Java heap size (-Xmx/-Xms)
#   Decrease number of Java threads
#   Decrease Java thread stack sizes (-Xss)
#   Set larger code cache with -XX:ReservedCodeCacheSize=
#   JVM is running with Unscaled Compressed Oops mode in which the Java heap is
#     placed in the first 4GB address space. The Java Heap base address is the
#     maximum limit for the native heap growth. Please use -XX:HeapBaseMinAddress
#     to set the Java Heap base and to place the Java Heap above 4GB virtual address.
# This output file may be truncated or incomplete.
#
#  Out of Memory Error (arena.cpp:191), pid=992, tid=3692
#
# JRE version: OpenJDK Runtime Environment Corretto-17.0.12.7.1 (17.0.12+7) (build 17.0.12+7-LTS)
# Java VM: OpenJDK 64-Bit Server VM Corretto-17.0.12.7.1 (17.0.12+7-LTS, mixed mode, sharing, tiered, compressed oops, compressed class ptrs, g1 gc, windows-amd64)
# No core dump will be written. Minidumps are not enabled by default on client versions of Windows
#

---------------  S U M M A R Y ------------

Command Line: --add-opens=java.base/java.lang=ALL-UNNAMED --add-opens=java.base/java.lang.invoke=ALL-UNNAMED --add-opens=java.base/java.util=ALL-UNNAMED --add-opens=java.prefs/java.util.prefs=ALL-UNNAMED --add-exports=jdk.compiler/com.sun.tools.javac.api=ALL-UNNAMED --add-exports=jdk.compiler/com.sun.tools.javac.util=ALL-UNNAMED --add-opens=java.base/java.util=ALL-UNNAMED --add-opens=java.prefs/java.util.prefs=ALL-UNNAMED --add-opens=java.base/java.nio.charset=ALL-UNNAMED --add-opens=java.base/java.net=ALL-UNNAMED --add-opens=java.base/java.util.concurrent.atomic=ALL-UNNAMED --add-opens=java.xml/javax.xml.namespace=ALL-UNNAMED -XX:MaxMetaspaceSize=384m -XX:+HeapDumpOnOutOfMemoryError -Xms256m -Xmx512m -Dfile.encoding=windows-1252 -Duser.country=US -Duser.language=en -Duser.variant -javaagent:C:\Users\ASUS\.gradle\wrapper\dists\gradle-8.12.1-bin\eumc4uhoysa37zql93vfjkxy0\gradle-8.12.1\lib\agents\gradle-instrumentation-agent-8.12.1.jar org.gradle.launcher.daemon.bootstrap.GradleDaemon 8.12.1

Host: Intel(R) Core(TM) i5-7300HQ CPU @ 2.50GHz, 4 cores, 7G,  Windows 10 , 64 bit Build 19041 (10.0.19041.2546)
Time: Sun Mar  9 22:01:23 2025 SE Asia Standard Time elapsed time: 9.871759 seconds (0d 0h 0m 9s)

---------------  T H R E A D  ---------------

Current thread (0x0000019fda1af5d0):  JavaThread "C2 CompilerThread0" daemon [_thread_in_native, id=3692, stack(0x0000006524700000,0x0000006524800000)]


Current CompileTask:
C2:   9871 3089   !   4       java.net.URLClassLoader$1::run (81 bytes)

Stack: [0x0000006524700000,0x0000006524800000]
Native frames: (J=compiled Java code, j=interpreted, Vv=VM code, C=native code)
V  [jvm.dll+0x67f4f9]
V  [jvm.dll+0x836eaa]
V  [jvm.dll+0x83896e]
V  [jvm.dll+0x838fd3]
V  [jvm.dll+0x247f6f]
V  [jvm.dll+0xac9d4]
V  [jvm.dll+0xad01c]
V  [jvm.dll+0x367097]
V  [jvm.dll+0x1bd452]
V  [jvm.dll+0x21a659]
V  [jvm.dll+0x219941]
V  [jvm.dll+0x1a57bd]
V  [jvm.dll+0x22966d]
V  [jvm.dll+0x22781c]
V  [jvm.dll+0x7ebec7]
V  [jvm.dll+0x7e62ac]
V  [jvm.dll+0x67e3c7]
C  [ucrtbase.dll+0x21bb2]
C  [KERNEL32.DLL+0x17614]
C  [ntdll.dll+0x526a1]


---------------  P R O C E S S  ---------------

Threads class SMR info:
_java_thread_list=0x0000019ff6504b60, length=31, elements={
0x0000019fbfe94270, 0x0000019fda198d20, 0x0000019fda1997f0, 0x0000019fda1aceb0,
0x0000019fda1ad780, 0x0000019fda1ae050, 0x0000019fda1ae920, 0x0000019fda1af5d0,
0x0000019fda2135e0, 0x0000019fda21e2a0, 0x0000019fda3b6590, 0x0000019fda478220,
0x0000019ff4ee5720, 0x0000019ff49cd9c0, 0x0000019ff4eb1ad0, 0x0000019ff42bcd60,
0x0000019ff52ce3f0, 0x0000019ff51d8300, 0x0000019ff51d78e0, 0x0000019ff51d7df0,
0x0000019ff51d69b0, 0x0000019ff51d5f90, 0x0000019ff51d8810, 0x0000019ff51d64a0,
0x0000019ff51d5060, 0x0000019ff51d5570, 0x0000019ff51d6ec0, 0x0000019ff51d5a80,
0x0000019ff72b7760, 0x0000019ff72baa00, 0x0000019ff72b6830
}

Java Threads: ( => current thread )
  0x0000019fbfe94270 JavaThread "main" [_thread_blocked, id=8188, stack(0x0000006523a00000,0x0000006523b00000)]
  0x0000019fda198d20 JavaThread "Reference Handler" daemon [_thread_blocked, id=7892, stack(0x0000006524100000,0x0000006524200000)]
  0x0000019fda1997f0 JavaThread "Finalizer" daemon [_thread_blocked, id=3568, stack(0x0000006524200000,0x0000006524300000)]
  0x0000019fda1aceb0 JavaThread "Signal Dispatcher" daemon [_thread_blocked, id=5752, stack(0x0000006524300000,0x0000006524400000)]
  0x0000019fda1ad780 JavaThread "Attach Listener" daemon [_thread_blocked, id=9756, stack(0x0000006524400000,0x0000006524500000)]
  0x0000019fda1ae050 JavaThread "Service Thread" daemon [_thread_blocked, id=4204, stack(0x0000006524500000,0x0000006524600000)]
  0x0000019fda1ae920 JavaThread "Monitor Deflation Thread" daemon [_thread_blocked, id=9908, stack(0x0000006524600000,0x0000006524700000)]
=>0x0000019fda1af5d0 JavaThread "C2 CompilerThread0" daemon [_thread_in_native, id=3692, stack(0x0000006524700000,0x0000006524800000)]
  0x0000019fda2135e0 JavaThread "C1 CompilerThread0" daemon [_thread_blocked, id=13100, stack(0x0000006524800000,0x0000006524900000)]
  0x0000019fda21e2a0 JavaThread "Sweeper thread" daemon [_thread_blocked, id=9532, stack(0x0000006524900000,0x0000006524a00000)]
  0x0000019fda3b6590 JavaThread "Common-Cleaner" daemon [_thread_blocked, id=620, stack(0x0000006524a00000,0x0000006524b00000)]
  0x0000019fda478220 JavaThread "Notification Thread" daemon [_thread_blocked, id=12728, stack(0x0000006524b00000,0x0000006524c00000)]
  0x0000019ff4ee5720 JavaThread "Daemon health stats" [_thread_blocked, id=12648, stack(0x0000006525000000,0x0000006525100000)]
  0x0000019ff49cd9c0 JavaThread "Incoming local TCP Connector on port 52105" [_thread_in_native, id=11936, stack(0x0000006525100000,0x0000006525200000)]
  0x0000019ff4eb1ad0 JavaThread "Daemon periodic checks" [_thread_blocked, id=11372, stack(0x0000006525200000,0x0000006525300000)]
  0x0000019ff42bcd60 JavaThread "Daemon" [_thread_blocked, id=5004, stack(0x0000006525300000,0x0000006525400000)]
  0x0000019ff52ce3f0 JavaThread "Handler for socket connection from /127.0.0.1:52105 to /127.0.0.1:52106" [_thread_in_native, id=13176, stack(0x0000006525400000,0x0000006525500000)]
  0x0000019ff51d8300 JavaThread "Cancel handler" [_thread_blocked, id=8012, stack(0x0000006525500000,0x0000006525600000)]
  0x0000019ff51d78e0 JavaThread "Daemon worker" [_thread_in_Java, id=9100, stack(0x0000006525600000,0x0000006525700000)]
  0x0000019ff51d7df0 JavaThread "Asynchronous log dispatcher for DefaultDaemonConnection: socket connection from /127.0.0.1:52105 to /127.0.0.1:52106" [_thread_blocked, id=980, stack(0x0000006525700000,0x0000006525800000)]
  0x0000019ff51d69b0 JavaThread "Stdin handler" [_thread_blocked, id=12256, stack(0x0000006525800000,0x0000006525900000)]
  0x0000019ff51d5f90 JavaThread "Daemon client event forwarder" [_thread_blocked, id=8360, stack(0x0000006525900000,0x0000006525a00000)]
  0x0000019ff51d8810 JavaThread "Cache worker for journal cache (C:\Users\ASUS\.gradle\caches\journal-1)" [_thread_blocked, id=1256, stack(0x0000006525a00000,0x0000006525b00000)]
  0x0000019ff51d64a0 JavaThread "File lock request listener" [_thread_in_native, id=13728, stack(0x0000006525b00000,0x0000006525c00000)]
  0x0000019ff51d5060 JavaThread "Cache worker for file hash cache (C:\Users\ASUS\.gradle\caches\8.12.1\fileHashes)" [_thread_blocked, id=8260, stack(0x0000006525d00000,0x0000006525e00000)]
  0x0000019ff51d5570 JavaThread "Cache worker for file hash cache (D:\codegym\module6\product_category\.gradle\8.12.1\fileHashes)" [_thread_blocked, id=12516, stack(0x0000006525e00000,0x0000006525f00000)]
  0x0000019ff51d6ec0 JavaThread "Cache worker for Build Output Cleanup Cache (D:\codegym\module6\product_category\.gradle\buildOutputCleanup)" [_thread_blocked, id=1252, stack(0x0000006525f00000,0x0000006526000000)]
  0x0000019ff51d5a80 JavaThread "File watcher server" daemon [_thread_in_native, id=1272, stack(0x0000006526000000,0x0000006526100000)]
  0x0000019ff72b7760 JavaThread "File watcher consumer" daemon [_thread_blocked, id=13972, stack(0x0000006526100000,0x0000006526200000)]
  0x0000019ff72baa00 JavaThread "jar transforms" [_thread_blocked, id=13476, stack(0x0000006525c00000,0x0000006525d00000)]
  0x0000019ff72b6830 JavaThread "jar transforms Thread 2" [_thread_blocked, id=7536, stack(0x0000006526200000,0x0000006526300000)]

Other Threads:
  0x0000019fda1932f0 VMThread "VM Thread" [stack: 0x0000006524000000,0x0000006524100000] [id=8588]
  0x0000019fbfe94c80 WatcherThread [stack: 0x0000006524c00000,0x0000006524d00000] [id=5192]
  0x0000019fbfec0770 GCTaskThread "GC Thread#0" [stack: 0x0000006523b00000,0x0000006523c00000] [id=13124]
  0x0000019fda525970 GCTaskThread "GC Thread#1" [stack: 0x0000006524d00000,0x0000006524e00000] [id=12500]
  0x0000019fda525c30 GCTaskThread "GC Thread#2" [stack: 0x0000006524e00000,0x0000006524f00000] [id=12548]
  0x0000019fda71e6d0 GCTaskThread "GC Thread#3" [stack: 0x0000006524f00000,0x0000006525000000] [id=12316]
  0x0000019fbfec5470 ConcurrentGCThread "G1 Main Marker" [stack: 0x0000006523c00000,0x0000006523d00000] [id=3576]
  0x0000019fbfec5c40 ConcurrentGCThread "G1 Conc#0" [stack: 0x0000006523d00000,0x0000006523e00000] [id=2576]
  0x0000019fbff5ec70 ConcurrentGCThread "G1 Refine#0" [stack: 0x0000006523e00000,0x0000006523f00000] [id=11124]
  0x0000019fda0505a0 ConcurrentGCThread "G1 Service" [stack: 0x0000006523f00000,0x0000006524000000] [id=4360]

Threads with active compile tasks:
C2 CompilerThread0     9934 3089   !   4       java.net.URLClassLoader$1::run (81 bytes)
C1 CompilerThread0     9934 3119       3       java.lang.PublicMethods$MethodList::merge (192 bytes)

VM state: not at safepoint (normal execution)

VM Mutex/Monitor currently owned by a thread: None

Heap address: 0x00000000e0000000, size: 512 MB, Compressed Oops mode: 32-bit

CDS archive(s) mapped at: [0x0000019fdb000000-0x0000019fdbbb0000-0x0000019fdbbb0000), size 12255232, SharedBaseAddress: 0x0000019fdb000000, ArchiveRelocationMode: 1.
Compressed class space mapped at: 0x0000019fdc000000-0x0000019ff0000000, reserved size: 335544320
Narrow klass base: 0x0000019fdb000000, Narrow klass shift: 0, Narrow klass range: 0x100000000

GC Precious Log:
 CPUs: 4 total, 4 available
 Memory: 8076M
 Large Page Support: Disabled
 NUMA Support: Disabled
 Compressed Oops: Enabled (32-bit)
 Heap Region Size: 1M
 Heap Min Capacity: 256M
 Heap Initial Capacity: 256M
 Heap Max Capacity: 512M
 Pre-touch: Disabled
 Parallel Workers: 4
 Concurrent Workers: 1
 Concurrent Refinement Workers: 4
 Periodic GC: Disabled

Heap:
 garbage-first heap   total 262144K, used 59418K [0x00000000e0000000, 0x0000000100000000)
  region size 1024K, 38 young (38912K), 2 survivors (2048K)
 Metaspace       used 25732K, committed 26112K, reserved 393216K
  class space    used 3848K, committed 4032K, reserved 327680K

Heap Regions: E=young(eden), S=young(survivor), O=old, HS=humongous(starts), HC=humongous(continues), CS=collection set, F=free, OA=open archive, CA=closed archive, TAMS=top-at-mark-start (previous, next)
|   0|0x00000000e0000000, 0x00000000e0100000, 0x00000000e0100000|100%|HS|  |TAMS 0x00000000e0100000, 0x00000000e0000000| Complete 
|   1|0x00000000e0100000, 0x00000000e0200000, 0x00000000e0200000|100%|HC|  |TAMS 0x00000000e0200000, 0x00000000e0100000| Complete 
|   2|0x00000000e0200000, 0x00000000e0300000, 0x00000000e0300000|100%|HC|  |TAMS 0x00000000e0300000, 0x00000000e0200000| Complete 
|   3|0x00000000e0300000, 0x00000000e0400000, 0x00000000e0400000|100%| O|  |TAMS 0x00000000e0400000, 0x00000000e0300000| Untracked 
|   4|0x00000000e0400000, 0x00000000e0500000, 0x00000000e0500000|100%| O|  |TAMS 0x00000000e0500000, 0x00000000e0400000| Untracked 
|   5|0x00000000e0500000, 0x00000000e0600000, 0x00000000e0600000|100%| O|  |TAMS 0x00000000e0600000, 0x00000000e0500000| Untracked 
|   6|0x00000000e0600000, 0x00000000e0700000, 0x00000000e0700000|100%| O|  |TAMS 0x00000000e066aa00, 0x00000000e0600000| Untracked 
|   7|0x00000000e0700000, 0x00000000e0800000, 0x00000000e0800000|100%|HS|  |TAMS 0x00000000e0800000, 0x00000000e0700000| Complete 
|   8|0x00000000e0800000, 0x00000000e0900000, 0x00000000e0900000|100%| O|  |TAMS 0x00000000e0800000, 0x00000000e0800000| Untracked 
|   9|0x00000000e0900000, 0x00000000e0a00000, 0x00000000e0a00000|100%| O|  |TAMS 0x00000000e0900000, 0x00000000e0900000| Untracked 
|  10|0x00000000e0a00000, 0x00000000e0b00000, 0x00000000e0b00000|100%| O|  |TAMS 0x00000000e0a00000, 0x00000000e0a00000| Untracked 
|  11|0x00000000e0b00000, 0x00000000e0c00000, 0x00000000e0c00000|100%| O|  |TAMS 0x00000000e0b00000, 0x00000000e0b00000| Untracked 
|  12|0x00000000e0c00000, 0x00000000e0d00000, 0x00000000e0d00000|100%| O|  |TAMS 0x00000000e0c00000, 0x00000000e0c00000| Untracked 
|  13|0x00000000e0d00000, 0x00000000e0e00000, 0x00000000e0e00000|100%| O|  |TAMS 0x00000000e0d00000, 0x00000000e0d00000| Untracked 
|  14|0x00000000e0e00000, 0x00000000e0f00000, 0x00000000e0f00000|100%| O|  |TAMS 0x00000000e0e00000, 0x00000000e0e00000| Untracked 
|  15|0x00000000e0f00000, 0x00000000e1000000, 0x00000000e1000000|100%| O|  |TAMS 0x00000000e0f00000, 0x00000000e0f00000| Untracked 
|  16|0x00000000e1000000, 0x00000000e1100000, 0x00000000e1100000|100%| O|  |TAMS 0x00000000e1000000, 0x00000000e1000000| Untracked 
|  17|0x00000000e1100000, 0x00000000e1200000, 0x00000000e1200000|100%| O|  |TAMS 0x00000000e1100000, 0x00000000e1100000| Untracked 
|  18|0x00000000e1200000, 0x00000000e1300000, 0x00000000e1300000|100%| O|  |TAMS 0x00000000e1200000, 0x00000000e1200000| Untracked 
|  19|0x00000000e1300000, 0x00000000e1400000, 0x00000000e1400000|100%| O|  |TAMS 0x00000000e1300000, 0x00000000e1300000| Untracked 
|  20|0x00000000e1400000, 0x00000000e1500000, 0x00000000e1500000|100%| O|  |TAMS 0x00000000e1400000, 0x00000000e1400000| Untracked 
|  21|0x00000000e1500000, 0x00000000e1533e00, 0x00000000e1600000| 20%| O|  |TAMS 0x00000000e1500000, 0x00000000e1500000| Untracked 
|  22|0x00000000e1600000, 0x00000000e1600000, 0x00000000e1700000|  0%| F|  |TAMS 0x00000000e1600000, 0x00000000e1600000| Untracked 
|  23|0x00000000e1700000, 0x00000000e1700000, 0x00000000e1800000|  0%| F|  |TAMS 0x00000000e1700000, 0x00000000e1700000| Untracked 
|  24|0x00000000e1800000, 0x00000000e1800000, 0x00000000e1900000|  0%| F|  |TAMS 0x00000000e1800000, 0x00000000e1800000| Untracked 
|  25|0x00000000e1900000, 0x00000000e1900000, 0x00000000e1a00000|  0%| F|  |TAMS 0x00000000e1900000, 0x00000000e1900000| Untracked 
|  26|0x00000000e1a00000, 0x00000000e1a00000, 0x00000000e1b00000|  0%| F|  |TAMS 0x00000000e1a00000, 0x00000000e1a00000| Untracked 
|  27|0x00000000e1b00000, 0x00000000e1b00000, 0x00000000e1c00000|  0%| F|  |TAMS 0x00000000e1b00000, 0x00000000e1b00000| Untracked 
|  28|0x00000000e1c00000, 0x00000000e1c00000, 0x00000000e1d00000|  0%| F|  |TAMS 0x00000000e1c00000, 0x00000000e1c00000| Untracked 
|  29|0x00000000e1d00000, 0x00000000e1d00000, 0x00000000e1e00000|  0%| F|  |TAMS 0x00000000e1d00000, 0x00000000e1d00000| Untracked 
|  30|0x00000000e1e00000, 0x00000000e1e00000, 0x00000000e1f00000|  0%| F|  |TAMS 0x00000000e1e00000, 0x00000000e1e00000| Untracked 
|  31|0x00000000e1f00000, 0x00000000e1f00000, 0x00000000e2000000|  0%| F|  |TAMS 0x00000000e1f00000, 0x00000000e1f00000| Untracked 
|  32|0x00000000e2000000, 0x00000000e2000000, 0x00000000e2100000|  0%| F|  |TAMS 0x00000000e2000000, 0x00000000e2000000| Untracked 
|  33|0x00000000e2100000, 0x00000000e2100000, 0x00000000e2200000|  0%| F|  |TAMS 0x00000000e2100000, 0x00000000e2100000| Untracked 
|  34|0x00000000e2200000, 0x00000000e2200000, 0x00000000e2300000|  0%| F|  |TAMS 0x00000000e2200000, 0x00000000e2200000| Untracked 
|  35|0x00000000e2300000, 0x00000000e2300000, 0x00000000e2400000|  0%| F|  |TAMS 0x00000000e2300000, 0x00000000e2300000| Untracked 
|  36|0x00000000e2400000, 0x00000000e2400000, 0x00000000e2500000|  0%| F|  |TAMS 0x00000000e2400000, 0x00000000e2400000| Untracked 
|  37|0x00000000e2500000, 0x00000000e2500000, 0x00000000e2600000|  0%| F|  |TAMS 0x00000000e2500000, 0x00000000e2500000| Untracked 
|  38|0x00000000e2600000, 0x00000000e2600000, 0x00000000e2700000|  0%| F|  |TAMS 0x00000000e2600000, 0x00000000e2600000| Untracked 
|  39|0x00000000e2700000, 0x00000000e2700000, 0x00000000e2800000|  0%| F|  |TAMS 0x00000000e2700000, 0x00000000e2700000| Untracked 
|  40|0x00000000e2800000, 0x00000000e2800000, 0x00000000e2900000|  0%| F|  |TAMS 0x00000000e2800000, 0x00000000e2800000| Untracked 
|  41|0x00000000e2900000, 0x00000000e2900000, 0x00000000e2a00000|  0%| F|  |TAMS 0x00000000e2900000, 0x00000000e2900000| Untracked 
|  42|0x00000000e2a00000, 0x00000000e2a00000, 0x00000000e2b00000|  0%| F|  |TAMS 0x00000000e2a00000, 0x00000000e2a00000| Untracked 
|  43|0x00000000e2b00000, 0x00000000e2b00000, 0x00000000e2c00000|  0%| F|  |TAMS 0x00000000e2b00000, 0x00000000e2b00000| Untracked 
|  44|0x00000000e2c00000, 0x00000000e2c00000, 0x00000000e2d00000|  0%| F|  |TAMS 0x00000000e2c00000, 0x00000000e2c00000| Untracked 
|  45|0x00000000e2d00000, 0x00000000e2d00000, 0x00000000e2e00000|  0%| F|  |TAMS 0x00000000e2d00000, 0x00000000e2d00000| Untracked 
|  46|0x00000000e2e00000, 0x00000000e2e00000, 0x00000000e2f00000|  0%| F|  |TAMS 0x00000000e2e00000, 0x00000000e2e00000| Untracked 
|  47|0x00000000e2f00000, 0x00000000e2f00000, 0x00000000e3000000|  0%| F|  |TAMS 0x00000000e2f00000, 0x00000000e2f00000| Untracked 
|  48|0x00000000e3000000, 0x00000000e3000000, 0x00000000e3100000|  0%| F|  |TAMS 0x00000000e3000000, 0x00000000e3000000| Untracked 
|  49|0x00000000e3100000, 0x00000000e3100000, 0x00000000e3200000|  0%| F|  |TAMS 0x00000000e3100000, 0x00000000e3100000| Untracked 
|  50|0x00000000e3200000, 0x00000000e3200000, 0x00000000e3300000|  0%| F|  |TAMS 0x00000000e3200000, 0x00000000e3200000| Untracked 
|  51|0x00000000e3300000, 0x00000000e3300000, 0x00000000e3400000|  0%| F|  |TAMS 0x00000000e3300000, 0x00000000e3300000| Untracked 
|  52|0x00000000e3400000, 0x00000000e3400000, 0x00000000e3500000|  0%| F|  |TAMS 0x00000000e3400000, 0x00000000e3400000| Untracked 
|  53|0x00000000e3500000, 0x00000000e3500000, 0x00000000e3600000|  0%| F|  |TAMS 0x00000000e3500000, 0x00000000e3500000| Untracked 
|  54|0x00000000e3600000, 0x00000000e3600000, 0x00000000e3700000|  0%| F|  |TAMS 0x00000000e3600000, 0x00000000e3600000| Untracked 
|  55|0x00000000e3700000, 0x00000000e3700000, 0x00000000e3800000|  0%| F|  |TAMS 0x00000000e3700000, 0x00000000e3700000| Untracked 
|  56|0x00000000e3800000, 0x00000000e3800000, 0x00000000e3900000|  0%| F|  |TAMS 0x00000000e3800000, 0x00000000e3800000| Untracked 
|  57|0x00000000e3900000, 0x00000000e3900000, 0x00000000e3a00000|  0%| F|  |TAMS 0x00000000e3900000, 0x00000000e3900000| Untracked 
|  58|0x00000000e3a00000, 0x00000000e3a00000, 0x00000000e3b00000|  0%| F|  |TAMS 0x00000000e3a00000, 0x00000000e3a00000| Untracked 
|  59|0x00000000e3b00000, 0x00000000e3b00000, 0x00000000e3c00000|  0%| F|  |TAMS 0x00000000e3b00000, 0x00000000e3b00000| Untracked 
|  60|0x00000000e3c00000, 0x00000000e3c00000, 0x00000000e3d00000|  0%| F|  |TAMS 0x00000000e3c00000, 0x00000000e3c00000| Untracked 
|  61|0x00000000e3d00000, 0x00000000e3d00000, 0x00000000e3e00000|  0%| F|  |TAMS 0x00000000e3d00000, 0x00000000e3d00000| Untracked 
|  62|0x00000000e3e00000, 0x00000000e3e00000, 0x00000000e3f00000|  0%| F|  |TAMS 0x00000000e3e00000, 0x00000000e3e00000| Untracked 
|  63|0x00000000e3f00000, 0x00000000e3f00000, 0x00000000e4000000|  0%| F|  |TAMS 0x00000000e3f00000, 0x00000000e3f00000| Untracked 
|  64|0x00000000e4000000, 0x00000000e4000000, 0x00000000e4100000|  0%| F|  |TAMS 0x00000000e4000000, 0x00000000e4000000| Untracked 
|  65|0x00000000e4100000, 0x00000000e4100000, 0x00000000e4200000|  0%| F|  |TAMS 0x00000000e4100000, 0x00000000e4100000| Untracked 
|  66|0x00000000e4200000, 0x00000000e4200000, 0x00000000e4300000|  0%| F|  |TAMS 0x00000000e4200000, 0x00000000e4200000| Untracked 
|  67|0x00000000e4300000, 0x00000000e4300000, 0x00000000e4400000|  0%| F|  |TAMS 0x00000000e4300000, 0x00000000e4300000| Untracked 
|  68|0x00000000e4400000, 0x00000000e4400000, 0x00000000e4500000|  0%| F|  |TAMS 0x00000000e4400000, 0x00000000e4400000| Untracked 
|  69|0x00000000e4500000, 0x00000000e4500000, 0x00000000e4600000|  0%| F|  |TAMS 0x00000000e4500000, 0x00000000e4500000| Untracked 
|  70|0x00000000e4600000, 0x00000000e4600000, 0x00000000e4700000|  0%| F|  |TAMS 0x00000000e4600000, 0x00000000e4600000| Untracked 
|  71|0x00000000e4700000, 0x00000000e4700000, 0x00000000e4800000|  0%| F|  |TAMS 0x00000000e4700000, 0x00000000e4700000| Untracked 
|  72|0x00000000e4800000, 0x00000000e4800000, 0x00000000e4900000|  0%| F|  |TAMS 0x00000000e4800000, 0x00000000e4800000| Untracked 
|  73|0x00000000e4900000, 0x00000000e4900000, 0x00000000e4a00000|  0%| F|  |TAMS 0x00000000e4900000, 0x00000000e4900000| Untracked 
|  74|0x00000000e4a00000, 0x00000000e4a00000, 0x00000000e4b00000|  0%| F|  |TAMS 0x00000000e4a00000, 0x00000000e4a00000| Untracked 
|  75|0x00000000e4b00000, 0x00000000e4b00000, 0x00000000e4c00000|  0%| F|  |TAMS 0x00000000e4b00000, 0x00000000e4b00000| Untracked 
|  76|0x00000000e4c00000, 0x00000000e4c00000, 0x00000000e4d00000|  0%| F|  |TAMS 0x00000000e4c00000, 0x00000000e4c00000| Untracked 
|  77|0x00000000e4d00000, 0x00000000e4d00000, 0x00000000e4e00000|  0%| F|  |TAMS 0x00000000e4d00000, 0x00000000e4d00000| Untracked 
|  78|0x00000000e4e00000, 0x00000000e4e00000, 0x00000000e4f00000|  0%| F|  |TAMS 0x00000000e4e00000, 0x00000000e4e00000| Untracked 
|  79|0x00000000e4f00000, 0x00000000e4f00000, 0x00000000e5000000|  0%| F|  |TAMS 0x00000000e4f00000, 0x00000000e4f00000| Untracked 
|  80|0x00000000e5000000, 0x00000000e5000000, 0x00000000e5100000|  0%| F|  |TAMS 0x00000000e5000000, 0x00000000e5000000| Untracked 
|  81|0x00000000e5100000, 0x00000000e5100000, 0x00000000e5200000|  0%| F|  |TAMS 0x00000000e5100000, 0x00000000e5100000| Untracked 
|  82|0x00000000e5200000, 0x00000000e5200000, 0x00000000e5300000|  0%| F|  |TAMS 0x00000000e5200000, 0x00000000e5200000| Untracked 
|  83|0x00000000e5300000, 0x00000000e5300000, 0x00000000e5400000|  0%| F|  |TAMS 0x00000000e5300000, 0x00000000e5300000| Untracked 
|  84|0x00000000e5400000, 0x00000000e5400000, 0x00000000e5500000|  0%| F|  |TAMS 0x00000000e5400000, 0x00000000e5400000| Untracked 
|  85|0x00000000e5500000, 0x00000000e5500000, 0x00000000e5600000|  0%| F|  |TAMS 0x00000000e5500000, 0x00000000e5500000| Untracked 
|  86|0x00000000e5600000, 0x00000000e5600000, 0x00000000e5700000|  0%| F|  |TAMS 0x00000000e5600000, 0x00000000e5600000| Untracked 
|  87|0x00000000e5700000, 0x00000000e5700000, 0x00000000e5800000|  0%| F|  |TAMS 0x00000000e5700000, 0x00000000e5700000| Untracked 
|  88|0x00000000e5800000, 0x00000000e5800000, 0x00000000e5900000|  0%| F|  |TAMS 0x00000000e5800000, 0x00000000e5800000| Untracked 
|  89|0x00000000e5900000, 0x00000000e5900000, 0x00000000e5a00000|  0%| F|  |TAMS 0x00000000e5900000, 0x00000000e5900000| Untracked 
|  90|0x00000000e5a00000, 0x00000000e5a00000, 0x00000000e5b00000|  0%| F|  |TAMS 0x00000000e5a00000, 0x00000000e5a00000| Untracked 
|  91|0x00000000e5b00000, 0x00000000e5b00000, 0x00000000e5c00000|  0%| F|  |TAMS 0x00000000e5b00000, 0x00000000e5b00000| Untracked 
|  92|0x00000000e5c00000, 0x00000000e5c00000, 0x00000000e5d00000|  0%| F|  |TAMS 0x00000000e5c00000, 0x00000000e5c00000| Untracked 
|  93|0x00000000e5d00000, 0x00000000e5d00000, 0x00000000e5e00000|  0%| F|  |TAMS 0x00000000e5d00000, 0x00000000e5d00000| Untracked 
|  94|0x00000000e5e00000, 0x00000000e5e00000, 0x00000000e5f00000|  0%| F|  |TAMS 0x00000000e5e00000, 0x00000000e5e00000| Untracked 
|  95|0x00000000e5f00000, 0x00000000e5f00000, 0x00000000e6000000|  0%| F|  |TAMS 0x00000000e5f00000, 0x00000000e5f00000| Untracked 
|  96|0x00000000e6000000, 0x00000000e6000000, 0x00000000e6100000|  0%| F|  |TAMS 0x00000000e6000000, 0x00000000e6000000| Untracked 
|  97|0x00000000e6100000, 0x00000000e6100000, 0x00000000e6200000|  0%| F|  |TAMS 0x00000000e6100000, 0x00000000e6100000| Untracked 
|  98|0x00000000e6200000, 0x00000000e6200000, 0x00000000e6300000|  0%| F|  |TAMS 0x00000000e6200000, 0x00000000e6200000| Untracked 
|  99|0x00000000e6300000, 0x00000000e6300000, 0x00000000e6400000|  0%| F|  |TAMS 0x00000000e6300000, 0x00000000e6300000| Untracked 
| 100|0x00000000e6400000, 0x00000000e6400000, 0x00000000e6500000|  0%| F|  |TAMS 0x00000000e6400000, 0x00000000e6400000| Untracked 
| 101|0x00000000e6500000, 0x00000000e6500000, 0x00000000e6600000|  0%| F|  |TAMS 0x00000000e6500000, 0x00000000e6500000| Untracked 
| 102|0x00000000e6600000, 0x00000000e6600000, 0x00000000e6700000|  0%| F|  |TAMS 0x00000000e6600000, 0x00000000e6600000| Untracked 
| 103|0x00000000e6700000, 0x00000000e6700000, 0x00000000e6800000|  0%| F|  |TAMS 0x00000000e6700000, 0x00000000e6700000| Untracked 
| 104|0x00000000e6800000, 0x00000000e6800000, 0x00000000e6900000|  0%| F|  |TAMS 0x00000000e6800000, 0x00000000e6800000| Untracked 
| 105|0x00000000e6900000, 0x00000000e6900000, 0x00000000e6a00000|  0%| F|  |TAMS 0x00000000e6900000, 0x00000000e6900000| Untracked 
| 106|0x00000000e6a00000, 0x00000000e6a00000, 0x00000000e6b00000|  0%| F|  |TAMS 0x00000000e6a00000, 0x00000000e6a00000| Untracked 
| 107|0x00000000e6b00000, 0x00000000e6b00000, 0x00000000e6c00000|  0%| F|  |TAMS 0x00000000e6b00000, 0x00000000e6b00000| Untracked 
| 108|0x00000000e6c00000, 0x00000000e6c00000, 0x00000000e6d00000|  0%| F|  |TAMS 0x00000000e6c00000, 0x00000000e6c00000| Untracked 
| 109|0x00000000e6d00000, 0x00000000e6d00000, 0x00000000e6e00000|  0%| F|  |TAMS 0x00000000e6d00000, 0x00000000e6d00000| Untracked 
| 110|0x00000000e6e00000, 0x00000000e6e00000, 0x00000000e6f00000|  0%| F|  |TAMS 0x00000000e6e00000, 0x00000000e6e00000| Untracked 
| 111|0x00000000e6f00000, 0x00000000e6f00000, 0x00000000e7000000|  0%| F|  |TAMS 0x00000000e6f00000, 0x00000000e6f00000| Untracked 
| 112|0x00000000e7000000, 0x00000000e7000000, 0x00000000e7100000|  0%| F|  |TAMS 0x00000000e7000000, 0x00000000e7000000| Untracked 
| 113|0x00000000e7100000, 0x00000000e7100000, 0x00000000e7200000|  0%| F|  |TAMS 0x00000000e7100000, 0x00000000e7100000| Untracked 
| 114|0x00000000e7200000, 0x00000000e7200000, 0x00000000e7300000|  0%| F|  |TAMS 0x00000000e7200000, 0x00000000e7200000| Untracked 
| 115|0x00000000e7300000, 0x00000000e7300000, 0x00000000e7400000|  0%| F|  |TAMS 0x00000000e7300000, 0x00000000e7300000| Untracked 
| 116|0x00000000e7400000, 0x00000000e7400000, 0x00000000e7500000|  0%| F|  |TAMS 0x00000000e7400000, 0x00000000e7400000| Untracked 
| 117|0x00000000e7500000, 0x00000000e7500000, 0x00000000e7600000|  0%| F|  |TAMS 0x00000000e7500000, 0x00000000e7500000| Untracked 
| 118|0x00000000e7600000, 0x00000000e7600000, 0x00000000e7700000|  0%| F|  |TAMS 0x00000000e7600000, 0x00000000e7600000| Untracked 
| 119|0x00000000e7700000, 0x00000000e7700000, 0x00000000e7800000|  0%| F|  |TAMS 0x00000000e7700000, 0x00000000e7700000| Untracked 
| 120|0x00000000e7800000, 0x00000000e7800000, 0x00000000e7900000|  0%| F|  |TAMS 0x00000000e7800000, 0x00000000e7800000| Untracked 
| 121|0x00000000e7900000, 0x00000000e7900000, 0x00000000e7a00000|  0%| F|  |TAMS 0x00000000e7900000, 0x00000000e7900000| Untracked 
| 122|0x00000000e7a00000, 0x00000000e7a00000, 0x00000000e7b00000|  0%| F|  |TAMS 0x00000000e7a00000, 0x00000000e7a00000| Untracked 
| 123|0x00000000e7b00000, 0x00000000e7b00000, 0x00000000e7c00000|  0%| F|  |TAMS 0x00000000e7b00000, 0x00000000e7b00000| Untracked 
| 124|0x00000000e7c00000, 0x00000000e7c00000, 0x00000000e7d00000|  0%| F|  |TAMS 0x00000000e7c00000, 0x00000000e7c00000| Untracked 
| 125|0x00000000e7d00000, 0x00000000e7d00000, 0x00000000e7e00000|  0%| F|  |TAMS 0x00000000e7d00000, 0x00000000e7d00000| Untracked 
| 126|0x00000000e7e00000, 0x00000000e7e00000, 0x00000000e7f00000|  0%| F|  |TAMS 0x00000000e7e00000, 0x00000000e7e00000| Untracked 
| 127|0x00000000e7f00000, 0x00000000e7f00000, 0x00000000e8000000|  0%| F|  |TAMS 0x00000000e7f00000, 0x00000000e7f00000| Untracked 
| 128|0x00000000e8000000, 0x00000000e8000000, 0x00000000e8100000|  0%| F|  |TAMS 0x00000000e8000000, 0x00000000e8000000| Untracked 
| 129|0x00000000e8100000, 0x00000000e8100000, 0x00000000e8200000|  0%| F|  |TAMS 0x00000000e8100000, 0x00000000e8100000| Untracked 
| 130|0x00000000e8200000, 0x00000000e8200000, 0x00000000e8300000|  0%| F|  |TAMS 0x00000000e8200000, 0x00000000e8200000| Untracked 
| 131|0x00000000e8300000, 0x00000000e8300000, 0x00000000e8400000|  0%| F|  |TAMS 0x00000000e8300000, 0x00000000e8300000| Untracked 
| 132|0x00000000e8400000, 0x00000000e8400000, 0x00000000e8500000|  0%| F|  |TAMS 0x00000000e8400000, 0x00000000e8400000| Untracked 
| 133|0x00000000e8500000, 0x00000000e8500000, 0x00000000e8600000|  0%| F|  |TAMS 0x00000000e8500000, 0x00000000e8500000| Untracked 
| 134|0x00000000e8600000, 0x00000000e8600000, 0x00000000e8700000|  0%| F|  |TAMS 0x00000000e8600000, 0x00000000e8600000| Untracked 
| 135|0x00000000e8700000, 0x00000000e8700000, 0x00000000e8800000|  0%| F|  |TAMS 0x00000000e8700000, 0x00000000e8700000| Untracked 
| 136|0x00000000e8800000, 0x00000000e8800000, 0x00000000e8900000|  0%| F|  |TAMS 0x00000000e8800000, 0x00000000e8800000| Untracked 
| 137|0x00000000e8900000, 0x00000000e8900000, 0x00000000e8a00000|  0%| F|  |TAMS 0x00000000e8900000, 0x00000000e8900000| Untracked 
| 138|0x00000000e8a00000, 0x00000000e8a00000, 0x00000000e8b00000|  0%| F|  |TAMS 0x00000000e8a00000, 0x00000000e8a00000| Untracked 
| 139|0x00000000e8b00000, 0x00000000e8b00000, 0x00000000e8c00000|  0%| F|  |TAMS 0x00000000e8b00000, 0x00000000e8b00000| Untracked 
| 140|0x00000000e8c00000, 0x00000000e8c00000, 0x00000000e8d00000|  0%| F|  |TAMS 0x00000000e8c00000, 0x00000000e8c00000| Untracked 
| 141|0x00000000e8d00000, 0x00000000e8d00000, 0x00000000e8e00000|  0%| F|  |TAMS 0x00000000e8d00000, 0x00000000e8d00000| Untracked 
| 142|0x00000000e8e00000, 0x00000000e8e00000, 0x00000000e8f00000|  0%| F|  |TAMS 0x00000000e8e00000, 0x00000000e8e00000| Untracked 
| 143|0x00000000e8f00000, 0x00000000e8f00000, 0x00000000e9000000|  0%| F|  |TAMS 0x00000000e8f00000, 0x00000000e8f00000| Untracked 
| 144|0x00000000e9000000, 0x00000000e9000000, 0x00000000e9100000|  0%| F|  |TAMS 0x00000000e9000000, 0x00000000e9000000| Untracked 
| 145|0x00000000e9100000, 0x00000000e9100000, 0x00000000e9200000|  0%| F|  |TAMS 0x00000000e9100000, 0x00000000e9100000| Untracked 
| 146|0x00000000e9200000, 0x00000000e9200000, 0x00000000e9300000|  0%| F|  |TAMS 0x00000000e9200000, 0x00000000e9200000| Untracked 
| 147|0x00000000e9300000, 0x00000000e9300000, 0x00000000e9400000|  0%| F|  |TAMS 0x00000000e9300000, 0x00000000e9300000| Untracked 
| 148|0x00000000e9400000, 0x00000000e9400000, 0x00000000e9500000|  0%| F|  |TAMS 0x00000000e9400000, 0x00000000e9400000| Untracked 
| 149|0x00000000e9500000, 0x00000000e9500000, 0x00000000e9600000|  0%| F|  |TAMS 0x00000000e9500000, 0x00000000e9500000| Untracked 
| 150|0x00000000e9600000, 0x00000000e9600000, 0x00000000e9700000|  0%| F|  |TAMS 0x00000000e9600000, 0x00000000e9600000| Untracked 
| 151|0x00000000e9700000, 0x00000000e9700000, 0x00000000e9800000|  0%| F|  |TAMS 0x00000000e9700000, 0x00000000e9700000| Untracked 
| 152|0x00000000e9800000, 0x00000000e9800000, 0x00000000e9900000|  0%| F|  |TAMS 0x00000000e9800000, 0x00000000e9800000| Untracked 
| 153|0x00000000e9900000, 0x00000000e9900000, 0x00000000e9a00000|  0%| F|  |TAMS 0x00000000e9900000, 0x00000000e9900000| Untracked 
| 154|0x00000000e9a00000, 0x00000000e9a00000, 0x00000000e9b00000|  0%| F|  |TAMS 0x00000000e9a00000, 0x00000000e9a00000| Untracked 
| 155|0x00000000e9b00000, 0x00000000e9b00000, 0x00000000e9c00000|  0%| F|  |TAMS 0x00000000e9b00000, 0x00000000e9b00000| Untracked 
| 156|0x00000000e9c00000, 0x00000000e9c00000, 0x00000000e9d00000|  0%| F|  |TAMS 0x00000000e9c00000, 0x00000000e9c00000| Untracked 
| 157|0x00000000e9d00000, 0x00000000e9d00000, 0x00000000e9e00000|  0%| F|  |TAMS 0x00000000e9d00000, 0x00000000e9d00000| Untracked 
| 158|0x00000000e9e00000, 0x00000000e9e00000, 0x00000000e9f00000|  0%| F|  |TAMS 0x00000000e9e00000, 0x00000000e9e00000| Untracked 
| 159|0x00000000e9f00000, 0x00000000e9f00000, 0x00000000ea000000|  0%| F|  |TAMS 0x00000000e9f00000, 0x00000000e9f00000| Untracked 
| 160|0x00000000ea000000, 0x00000000ea000000, 0x00000000ea100000|  0%| F|  |TAMS 0x00000000ea000000, 0x00000000ea000000| Untracked 
| 161|0x00000000ea100000, 0x00000000ea100000, 0x00000000ea200000|  0%| F|  |TAMS 0x00000000ea100000, 0x00000000ea100000| Untracked 
| 162|0x00000000ea200000, 0x00000000ea200000, 0x00000000ea300000|  0%| F|  |TAMS 0x00000000ea200000, 0x00000000ea200000| Untracked 
| 163|0x00000000ea300000, 0x00000000ea300000, 0x00000000ea400000|  0%| F|  |TAMS 0x00000000ea300000, 0x00000000ea300000| Untracked 
| 164|0x00000000ea400000, 0x00000000ea400000, 0x00000000ea500000|  0%| F|  |TAMS 0x00000000ea400000, 0x00000000ea400000| Untracked 
| 165|0x00000000ea500000, 0x00000000ea500000, 0x00000000ea600000|  0%| F|  |TAMS 0x00000000ea500000, 0x00000000ea500000| Untracked 
| 166|0x00000000ea600000, 0x00000000ea600000, 0x00000000ea700000|  0%| F|  |TAMS 0x00000000ea600000, 0x00000000ea600000| Untracked 
| 167|0x00000000ea700000, 0x00000000ea700000, 0x00000000ea800000|  0%| F|  |TAMS 0x00000000ea700000, 0x00000000ea700000| Untracked 
| 168|0x00000000ea800000, 0x00000000ea800000, 0x00000000ea900000|  0%| F|  |TAMS 0x00000000ea800000, 0x00000000ea800000| Untracked 
| 169|0x00000000ea900000, 0x00000000ea900000, 0x00000000eaa00000|  0%| F|  |TAMS 0x00000000ea900000, 0x00000000ea900000| Untracked 
| 170|0x00000000eaa00000, 0x00000000eaa00000, 0x00000000eab00000|  0%| F|  |TAMS 0x00000000eaa00000, 0x00000000eaa00000| Untracked 
| 171|0x00000000eab00000, 0x00000000eab00000, 0x00000000eac00000|  0%| F|  |TAMS 0x00000000eab00000, 0x00000000eab00000| Untracked 
| 172|0x00000000eac00000, 0x00000000eac00000, 0x00000000ead00000|  0%| F|  |TAMS 0x00000000eac00000, 0x00000000eac00000| Untracked 
| 173|0x00000000ead00000, 0x00000000ead00000, 0x00000000eae00000|  0%| F|  |TAMS 0x00000000ead00000, 0x00000000ead00000| Untracked 
| 174|0x00000000eae00000, 0x00000000eae00000, 0x00000000eaf00000|  0%| F|  |TAMS 0x00000000eae00000, 0x00000000eae00000| Untracked 
| 175|0x00000000eaf00000, 0x00000000eaf00000, 0x00000000eb000000|  0%| F|  |TAMS 0x00000000eaf00000, 0x00000000eaf00000| Untracked 
| 176|0x00000000eb000000, 0x00000000eb000000, 0x00000000eb100000|  0%| F|  |TAMS 0x00000000eb000000, 0x00000000eb000000| Untracked 
| 177|0x00000000eb100000, 0x00000000eb100000, 0x00000000eb200000|  0%| F|  |TAMS 0x00000000eb100000, 0x00000000eb100000| Untracked 
| 178|0x00000000eb200000, 0x00000000eb200000, 0x00000000eb300000|  0%| F|  |TAMS 0x00000000eb200000, 0x00000000eb200000| Untracked 
| 179|0x00000000eb300000, 0x00000000eb300000, 0x00000000eb400000|  0%| F|  |TAMS 0x00000000eb300000, 0x00000000eb300000| Untracked 
| 180|0x00000000eb400000, 0x00000000eb400000, 0x00000000eb500000|  0%| F|  |TAMS 0x00000000eb400000, 0x00000000eb400000| Untracked 
| 181|0x00000000eb500000, 0x00000000eb500000, 0x00000000eb600000|  0%| F|  |TAMS 0x00000000eb500000, 0x00000000eb500000| Untracked 
| 182|0x00000000eb600000, 0x00000000eb600000, 0x00000000eb700000|  0%| F|  |TAMS 0x00000000eb600000, 0x00000000eb600000| Untracked 
| 183|0x00000000eb700000, 0x00000000eb700000, 0x00000000eb800000|  0%| F|  |TAMS 0x00000000eb700000, 0x00000000eb700000| Untracked 
| 184|0x00000000eb800000, 0x00000000eb800000, 0x00000000eb900000|  0%| F|  |TAMS 0x00000000eb800000, 0x00000000eb800000| Untracked 
| 185|0x00000000eb900000, 0x00000000eb900000, 0x00000000eba00000|  0%| F|  |TAMS 0x00000000eb900000, 0x00000000eb900000| Untracked 
| 186|0x00000000eba00000, 0x00000000eba00000, 0x00000000ebb00000|  0%| F|  |TAMS 0x00000000eba00000, 0x00000000eba00000| Untracked 
| 187|0x00000000ebb00000, 0x00000000ebb00000, 0x00000000ebc00000|  0%| F|  |TAMS 0x00000000ebb00000, 0x00000000ebb00000| Untracked 
| 188|0x00000000ebc00000, 0x00000000ebc00000, 0x00000000ebd00000|  0%| F|  |TAMS 0x00000000ebc00000, 0x00000000ebc00000| Untracked 
| 189|0x00000000ebd00000, 0x00000000ebd00000, 0x00000000ebe00000|  0%| F|  |TAMS 0x00000000ebd00000, 0x00000000ebd00000| Untracked 
| 190|0x00000000ebe00000, 0x00000000ebe00000, 0x00000000ebf00000|  0%| F|  |TAMS 0x00000000ebe00000, 0x00000000ebe00000| Untracked 
| 191|0x00000000ebf00000, 0x00000000ebf00000, 0x00000000ec000000|  0%| F|  |TAMS 0x00000000ebf00000, 0x00000000ebf00000| Untracked 
| 192|0x00000000ec000000, 0x00000000ec000000, 0x00000000ec100000|  0%| F|  |TAMS 0x00000000ec000000, 0x00000000ec000000| Untracked 
| 193|0x00000000ec100000, 0x00000000ec100000, 0x00000000ec200000|  0%| F|  |TAMS 0x00000000ec100000, 0x00000000ec100000| Untracked 
| 194|0x00000000ec200000, 0x00000000ec200000, 0x00000000ec300000|  0%| F|  |TAMS 0x00000000ec200000, 0x00000000ec200000| Untracked 
| 195|0x00000000ec300000, 0x00000000ec300000, 0x00000000ec400000|  0%| F|  |TAMS 0x00000000ec300000, 0x00000000ec300000| Untracked 
| 196|0x00000000ec400000, 0x00000000ec400000, 0x00000000ec500000|  0%| F|  |TAMS 0x00000000ec400000, 0x00000000ec400000| Untracked 
| 197|0x00000000ec500000, 0x00000000ec500000, 0x00000000ec600000|  0%| F|  |TAMS 0x00000000ec500000, 0x00000000ec500000| Untracked 
| 198|0x00000000ec600000, 0x00000000ec600000, 0x00000000ec700000|  0%| F|  |TAMS 0x00000000ec600000, 0x00000000ec600000| Untracked 
| 199|0x00000000ec700000, 0x00000000ec700000, 0x00000000ec800000|  0%| F|  |TAMS 0x00000000ec700000, 0x00000000ec700000| Untracked 
| 200|0x00000000ec800000, 0x00000000ec800000, 0x00000000ec900000|  0%| F|  |TAMS 0x00000000ec800000, 0x00000000ec800000| Untracked 
| 201|0x00000000ec900000, 0x00000000ec900000, 0x00000000eca00000|  0%| F|  |TAMS 0x00000000ec900000, 0x00000000ec900000| Untracked 
| 202|0x00000000eca00000, 0x00000000eca00000, 0x00000000ecb00000|  0%| F|  |TAMS 0x00000000eca00000, 0x00000000eca00000| Untracked 
| 203|0x00000000ecb00000, 0x00000000ecb00000, 0x00000000ecc00000|  0%| F|  |TAMS 0x00000000ecb00000, 0x00000000ecb00000| Untracked 
| 204|0x00000000ecc00000, 0x00000000ecc00000, 0x00000000ecd00000|  0%| F|  |TAMS 0x00000000ecc00000, 0x00000000ecc00000| Untracked 
| 205|0x00000000ecd00000, 0x00000000ecd00000, 0x00000000ece00000|  0%| F|  |TAMS 0x00000000ecd00000, 0x00000000ecd00000| Untracked 
| 206|0x00000000ece00000, 0x00000000ece00000, 0x00000000ecf00000|  0%| F|  |TAMS 0x00000000ece00000, 0x00000000ece00000| Untracked 
| 207|0x00000000ecf00000, 0x00000000ecf00000, 0x00000000ed000000|  0%| F|  |TAMS 0x00000000ecf00000, 0x00000000ecf00000| Untracked 
| 208|0x00000000ed000000, 0x00000000ed000000, 0x00000000ed100000|  0%| F|  |TAMS 0x00000000ed000000, 0x00000000ed000000| Untracked 
| 209|0x00000000ed100000, 0x00000000ed100000, 0x00000000ed200000|  0%| F|  |TAMS 0x00000000ed100000, 0x00000000ed100000| Untracked 
| 210|0x00000000ed200000, 0x00000000ed200000, 0x00000000ed300000|  0%| F|  |TAMS 0x00000000ed200000, 0x00000000ed200000| Untracked 
| 211|0x00000000ed300000, 0x00000000ed300000, 0x00000000ed400000|  0%| F|  |TAMS 0x00000000ed300000, 0x00000000ed300000| Untracked 
| 212|0x00000000ed400000, 0x00000000ed400000, 0x00000000ed500000|  0%| F|  |TAMS 0x00000000ed400000, 0x00000000ed400000| Untracked 
| 213|0x00000000ed500000, 0x00000000ed500000, 0x00000000ed600000|  0%| F|  |TAMS 0x00000000ed500000, 0x00000000ed500000| Untracked 
| 214|0x00000000ed600000, 0x00000000ed600000, 0x00000000ed700000|  0%| F|  |TAMS 0x00000000ed600000, 0x00000000ed600000| Untracked 
| 215|0x00000000ed700000, 0x00000000ed700000, 0x00000000ed800000|  0%| F|  |TAMS 0x00000000ed700000, 0x00000000ed700000| Untracked 
| 216|0x00000000ed800000, 0x00000000ed800000, 0x00000000ed900000|  0%| F|  |TAMS 0x00000000ed800000, 0x00000000ed800000| Untracked 
| 217|0x00000000ed900000, 0x00000000ed900000, 0x00000000eda00000|  0%| F|  |TAMS 0x00000000ed900000, 0x00000000ed900000| Untracked 
| 218|0x00000000eda00000, 0x00000000eda80800, 0x00000000edb00000| 50%| E|  |TAMS 0x00000000eda00000, 0x00000000eda00000| Complete 
| 219|0x00000000edb00000, 0x00000000edc00000, 0x00000000edc00000|100%| E|CS|TAMS 0x00000000edb00000, 0x00000000edb00000| Complete 
| 220|0x00000000edc00000, 0x00000000edd00000, 0x00000000edd00000|100%| E|CS|TAMS 0x00000000edc00000, 0x00000000edc00000| Complete 
| 221|0x00000000edd00000, 0x00000000ede00000, 0x00000000ede00000|100%| E|CS|TAMS 0x00000000edd00000, 0x00000000edd00000| Complete 
| 222|0x00000000ede00000, 0x00000000edf00000, 0x00000000edf00000|100%| E|CS|TAMS 0x00000000ede00000, 0x00000000ede00000| Complete 
| 223|0x00000000edf00000, 0x00000000ee000000, 0x00000000ee000000|100%| E|CS|TAMS 0x00000000edf00000, 0x00000000edf00000| Complete 
| 224|0x00000000ee000000, 0x00000000ee100000, 0x00000000ee100000|100%| E|CS|TAMS 0x00000000ee000000, 0x00000000ee000000| Complete 
| 225|0x00000000ee100000, 0x00000000ee200000, 0x00000000ee200000|100%| E|CS|TAMS 0x00000000ee100000, 0x00000000ee100000| Complete 
| 226|0x00000000ee200000, 0x00000000ee300000, 0x00000000ee300000|100%| E|CS|TAMS 0x00000000ee200000, 0x00000000ee200000| Complete 
| 227|0x00000000ee300000, 0x00000000ee400000, 0x00000000ee400000|100%| E|CS|TAMS 0x00000000ee300000, 0x00000000ee300000| Complete 
| 228|0x00000000ee400000, 0x00000000ee500000, 0x00000000ee500000|100%| E|CS|TAMS 0x00000000ee400000, 0x00000000ee400000| Complete 
| 229|0x00000000ee500000, 0x00000000ee600000, 0x00000000ee600000|100%| E|CS|TAMS 0x00000000ee500000, 0x00000000ee500000| Complete 
| 230|0x00000000ee600000, 0x00000000ee6d2d60, 0x00000000ee700000| 82%| S|CS|TAMS 0x00000000ee600000, 0x00000000ee600000| Complete 
| 231|0x00000000ee700000, 0x00000000ee800000, 0x00000000ee800000|100%| S|CS|TAMS 0x00000000ee700000, 0x00000000ee700000| Complete 
| 232|0x00000000ee800000, 0x00000000ee900000, 0x00000000ee900000|100%| E|CS|TAMS 0x00000000ee800000, 0x00000000ee800000| Complete 
| 233|0x00000000ee900000, 0x00000000eea00000, 0x00000000eea00000|100%| E|CS|TAMS 0x00000000ee900000, 0x00000000ee900000| Complete 
| 234|0x00000000eea00000, 0x00000000eeb00000, 0x00000000eeb00000|100%| E|CS|TAMS 0x00000000eea00000, 0x00000000eea00000| Complete 
| 235|0x00000000eeb00000, 0x00000000eec00000, 0x00000000eec00000|100%| E|CS|TAMS 0x00000000eeb00000, 0x00000000eeb00000| Complete 
| 236|0x00000000eec00000, 0x00000000eed00000, 0x00000000eed00000|100%| E|CS|TAMS 0x00000000eec00000, 0x00000000eec00000| Complete 
| 237|0x00000000eed00000, 0x00000000eee00000, 0x00000000eee00000|100%| E|CS|TAMS 0x00000000eed00000, 0x00000000eed00000| Complete 
| 238|0x00000000eee00000, 0x00000000eef00000, 0x00000000eef00000|100%| E|CS|TAMS 0x00000000eee00000, 0x00000000eee00000| Complete 
| 239|0x00000000eef00000, 0x00000000ef000000, 0x00000000ef000000|100%| E|CS|TAMS 0x00000000eef00000, 0x00000000eef00000| Complete 
| 240|0x00000000ef000000, 0x00000000ef100000, 0x00000000ef100000|100%| E|CS|TAMS 0x00000000ef000000, 0x00000000ef000000| Complete 
| 241|0x00000000ef100000, 0x00000000ef200000, 0x00000000ef200000|100%| E|CS|TAMS 0x00000000ef100000, 0x00000000ef100000| Complete 
| 242|0x00000000ef200000, 0x00000000ef300000, 0x00000000ef300000|100%| E|CS|TAMS 0x00000000ef200000, 0x00000000ef200000| Complete 
| 243|0x00000000ef300000, 0x00000000ef400000, 0x00000000ef400000|100%| E|CS|TAMS 0x00000000ef300000, 0x00000000ef300000| Complete 
| 244|0x00000000ef400000, 0x00000000ef500000, 0x00000000ef500000|100%| E|CS|TAMS 0x00000000ef400000, 0x00000000ef400000| Complete 
| 245|0x00000000ef500000, 0x00000000ef600000, 0x00000000ef600000|100%| E|CS|TAMS 0x00000000ef500000, 0x00000000ef500000| Complete 
| 246|0x00000000ef600000, 0x00000000ef700000, 0x00000000ef700000|100%| E|CS|TAMS 0x00000000ef600000, 0x00000000ef600000| Complete 
| 247|0x00000000ef700000, 0x00000000ef800000, 0x00000000ef800000|100%| E|CS|TAMS 0x00000000ef700000, 0x00000000ef700000| Complete 
| 248|0x00000000ef800000, 0x00000000ef900000, 0x00000000ef900000|100%| E|CS|TAMS 0x00000000ef800000, 0x00000000ef800000| Complete 
| 249|0x00000000ef900000, 0x00000000efa00000, 0x00000000efa00000|100%| E|CS|TAMS 0x00000000ef900000, 0x00000000ef900000| Complete 
| 250|0x00000000efa00000, 0x00000000efb00000, 0x00000000efb00000|100%| E|CS|TAMS 0x00000000efa00000, 0x00000000efa00000| Complete 
| 251|0x00000000efb00000, 0x00000000efc00000, 0x00000000efc00000|100%| E|CS|TAMS 0x00000000efb00000, 0x00000000efb00000| Complete 
| 252|0x00000000efc00000, 0x00000000efd00000, 0x00000000efd00000|100%| E|CS|TAMS 0x00000000efc00000, 0x00000000efc00000| Complete 
| 253|0x00000000efd00000, 0x00000000efe00000, 0x00000000efe00000|100%| E|CS|TAMS 0x00000000efd00000, 0x00000000efd00000| Complete 
| 254|0x00000000efe00000, 0x00000000eff00000, 0x00000000eff00000|100%| E|CS|TAMS 0x00000000efe00000, 0x00000000efe00000| Complete 
| 255|0x00000000eff00000, 0x00000000f0000000, 0x00000000f0000000|100%| E|CS|TAMS 0x00000000eff00000, 0x00000000eff00000| Complete 

Card table byte_map: [0x0000019fd69d0000,0x0000019fd6ad0000] _byte_map_base: 0x0000019fd62d0000

Marking Bits (Prev, Next): (CMBitMap*) 0x0000019fbfec0b80, (CMBitMap*) 0x0000019fbfec0b40
 Prev Bits: [0x0000019fd73d0000, 0x0000019fd7bd0000)
 Next Bits: [0x0000019fd6bd0000, 0x0000019fd73d0000)

Polling page: 0x0000019fbe000000

Metaspace:

Usage:
  Non-class:     21.38 MB used.
      Class:      3.76 MB used.
       Both:     25.14 MB used.

Virtual space:
  Non-class space:       64.00 MB reserved,      21.56 MB ( 34%) committed,  1 nodes.
      Class space:      320.00 MB reserved,       3.94 MB (  1%) committed,  1 nodes.
             Both:      384.00 MB reserved,      25.50 MB (  7%) committed. 

Chunk freelists:
   Non-Class:  9.53 MB
       Class:  12.08 MB
        Both:  21.60 MB

MaxMetaspaceSize: 384.00 MB
CompressedClassSpaceSize: 320.00 MB
Initial GC threshold: 21.00 MB
Current GC threshold: 35.12 MB
CDS: on
MetaspaceReclaimPolicy: balanced
 - commit_granule_bytes: 65536.
 - commit_granule_words: 8192.
 - virtual_space_node_default_size: 8388608.
 - enlarge_chunks_in_place: 1.
 - new_chunks_are_fully_committed: 0.
 - uncommit_free_chunks: 1.
 - use_allocation_guard: 0.
 - handle_deallocations: 1.


Internal statistics:

num_allocs_failed_limit: 3.
num_arena_births: 356.
num_arena_deaths: 0.
num_vsnodes_births: 2.
num_vsnodes_deaths: 0.
num_space_committed: 408.
num_space_uncommitted: 0.
num_chunks_returned_to_freelist: 3.
num_chunks_taken_from_freelist: 1346.
num_chunk_merges: 3.
num_chunk_splits: 877.
num_chunks_enlarged: 616.
num_inconsistent_stats: 0.

CodeHeap 'non-profiled nmethods': size=120000Kb used=1813Kb max_used=1813Kb free=118186Kb
 bounds [0x0000019fcf4a0000, 0x0000019fcf710000, 0x0000019fd69d0000]
CodeHeap 'profiled nmethods': size=120000Kb used=6652Kb max_used=6652Kb free=113347Kb
 bounds [0x0000019fc79d0000, 0x0000019fc8050000, 0x0000019fcef00000]
CodeHeap 'non-nmethods': size=5760Kb used=1251Kb max_used=1324Kb free=4508Kb
 bounds [0x0000019fcef00000, 0x0000019fcf170000, 0x0000019fcf4a0000]
 total_blobs=3680 nmethods=3120 adapters=472
 compilation: enabled
              stopped_count=0, restarted_count=0
 full_count=0

Compilation events (20 events):
Event: 9.595 Thread 0x0000019fda2135e0 3097       3       java.lang.CharacterDataLatin1::isJavaIdentifierPart (20 bytes)
Event: 9.595 Thread 0x0000019fda2135e0 nmethod 3097 0x0000019fc803e790 code [0x0000019fc803e940, 0x0000019fc803eb38]
Event: 9.604 Thread 0x0000019fda2135e0 3100       3       java.util.ImmutableCollections$ListItr::hasNext (17 bytes)
Event: 9.604 Thread 0x0000019fda2135e0 nmethod 3100 0x0000019fc803ec90 code [0x0000019fc803ee20, 0x0000019fc803ef98]
Event: 9.613 Thread 0x0000019fda2135e0 3101       1       java.lang.reflect.Constructor::getSharedParameterTypes (5 bytes)
Event: 9.613 Thread 0x0000019fda2135e0 nmethod 3101 0x0000019fcf664a10 code [0x0000019fcf664ba0, 0x0000019fcf664c78]
Event: 9.614 Thread 0x0000019fda2135e0 3102   !   3       java.net.URL::<init> (543 bytes)
Event: 9.619 Thread 0x0000019fda2135e0 nmethod 3102 0x0000019fc803f010 code [0x0000019fc803f6a0, 0x0000019fc8043088]
Event: 9.672 Thread 0x0000019fda2135e0 3103       3       java.util.stream.ReduceOps$3ReducingSink::accept (15 bytes)
Event: 9.672 Thread 0x0000019fda2135e0 nmethod 3103 0x0000019fc8045190 code [0x0000019fc8045340, 0x0000019fc8045528]
Event: 9.673 Thread 0x0000019fda2135e0 3104       3       java.util.stream.Collectors$$Lambda$75/0x0000019fdc073728::accept (14 bytes)
Event: 9.674 Thread 0x0000019fda2135e0 nmethod 3104 0x0000019fc8045610 code [0x0000019fc80457e0, 0x0000019fc8045da8]
Event: 9.676 Thread 0x0000019fda2135e0 3105       3       java.util.zip.ZipFile$ZipEntryIterator::hasMoreElements (5 bytes)
Event: 9.676 Thread 0x0000019fda2135e0 nmethod 3105 0x0000019fc8046010 code [0x0000019fc80461a0, 0x0000019fc8046378]
Event: 9.676 Thread 0x0000019fda2135e0 3107       3       java.util.zip.ZipFile$ZipEntryIterator::nextElement (5 bytes)
Event: 9.676 Thread 0x0000019fda2135e0 nmethod 3107 0x0000019fc8046410 code [0x0000019fc80465a0, 0x0000019fc80466e8]
Event: 9.676 Thread 0x0000019fda2135e0 3108   !   3       java.util.zip.ZipFile$ZipEntryIterator::next (71 bytes)
Event: 9.676 Thread 0x0000019fda2135e0 nmethod 3108 0x0000019fc8046790 code [0x0000019fc8046980, 0x0000019fc8046ea8]
Event: 9.676 Thread 0x0000019fda2135e0 3106       3       java.util.zip.ZipFile$ZipEntryIterator::nextElement (5 bytes)
Event: 9.676 Thread 0x0000019fda2135e0 nmethod 3106 0x0000019fc8047290 code [0x0000019fc8047440, 0x0000019fc80475c8]

GC Heap History (8 events):
Event: 0.351 GC heap before
{Heap before GC invocations=0 (full 0):
 garbage-first heap   total 262144K, used 13312K [0x00000000e0000000, 0x0000000100000000)
  region size 1024K, 13 young (13312K), 0 survivors (0K)
 Metaspace       used 770K, committed 896K, reserved 393216K
  class space    used 61K, committed 128K, reserved 327680K
}
Event: 0.352 GC heap after
{Heap after GC invocations=1 (full 0):
 garbage-first heap   total 262144K, used 1216K [0x00000000e0000000, 0x0000000100000000)
  region size 1024K, 2 young (2048K), 2 survivors (2048K)
 Metaspace       used 770K, committed 896K, reserved 393216K
  class space    used 61K, committed 128K, reserved 327680K
}
Event: 0.888 GC heap before
{Heap before GC invocations=1 (full 0):
 garbage-first heap   total 262144K, used 22720K [0x00000000e0000000, 0x0000000100000000)
  region size 1024K, 21 young (21504K), 2 survivors (2048K)
 Metaspace       used 2818K, committed 2944K, reserved 393216K
  class space    used 325K, committed 384K, reserved 327680K
}
Event: 0.891 GC heap after
{Heap after GC invocations=2 (full 0):
 garbage-first heap   total 262144K, used 9642K [0x00000000e0000000, 0x0000000100000000)
  region size 1024K, 3 young (3072K), 3 survivors (3072K)
 Metaspace       used 2818K, committed 2944K, reserved 393216K
  class space    used 325K, committed 384K, reserved 327680K
}
Event: 6.511 GC heap before
{Heap before GC invocations=2 (full 0):
 garbage-first heap   total 262144K, used 165290K [0x00000000e0000000, 0x0000000100000000)
  region size 1024K, 153 young (156672K), 3 survivors (3072K)
 Metaspace       used 18482K, committed 18816K, reserved 393216K
  class space    used 2682K, committed 2816K, reserved 327680K
}
Event: 6.524 GC heap after
{Heap after GC invocations=3 (full 0):
 garbage-first heap   total 262144K, used 21842K [0x00000000e0000000, 0x0000000100000000)
  region size 1024K, 14 young (14336K), 14 survivors (14336K)
 Metaspace       used 18482K, committed 18816K, reserved 393216K
  class space    used 2682K, committed 2816K, reserved 327680K
}
Event: 7.165 GC heap before
{Heap before GC invocations=3 (full 0):
 garbage-first heap   total 262144K, used 45394K [0x00000000e0000000, 0x0000000100000000)
  region size 1024K, 38 young (38912K), 14 survivors (14336K)
 Metaspace       used 21111K, committed 21504K, reserved 393216K
  class space    used 3096K, committed 3264K, reserved 327680K
}
Event: 7.185 GC heap after
{Heap after GC invocations=4 (full 0):
 garbage-first heap   total 262144K, used 23578K [0x00000000e0000000, 0x0000000100000000)
  region size 1024K, 2 young (2048K), 2 survivors (2048K)
 Metaspace       used 21111K, committed 21504K, reserved 393216K
  class space    used 3096K, committed 3264K, reserved 327680K
}

Dll operation events (15 events):
Event: 0.019 Loaded shared library C:\Users\ASUS\.jdks\corretto-17.0.12\bin\java.dll
Event: 0.044 Loaded shared library C:\Users\ASUS\.jdks\corretto-17.0.12\bin\jsvml.dll
Event: 0.102 Loaded shared library C:\Users\ASUS\.jdks\corretto-17.0.12\bin\zip.dll
Event: 0.104 Loaded shared library C:\Users\ASUS\.jdks\corretto-17.0.12\bin\instrument.dll
Event: 0.109 Loaded shared library C:\Users\ASUS\.jdks\corretto-17.0.12\bin\net.dll
Event: 0.111 Loaded shared library C:\Users\ASUS\.jdks\corretto-17.0.12\bin\nio.dll
Event: 0.113 Loaded shared library C:\Users\ASUS\.jdks\corretto-17.0.12\bin\zip.dll
Event: 0.424 Loaded shared library C:\Users\ASUS\.jdks\corretto-17.0.12\bin\jimage.dll
Event: 0.650 Loaded shared library C:\Users\ASUS\.jdks\corretto-17.0.12\bin\verify.dll
Event: 0.865 Loaded shared library C:\Users\ASUS\.gradle\native\1def1411415f61bf3af743bc5b6707747c0891f09f0c88961ee8f79bc544acac\windows-amd64\native-platform.dll
Event: 0.871 Loaded shared library C:\Users\ASUS\.gradle\native\0.2.6\x86_64-windows-gnu\gradle-fileevents.dll
Event: 2.658 Loaded shared library C:\Users\ASUS\.jdks\corretto-17.0.12\bin\management.dll
Event: 2.666 Loaded shared library C:\Users\ASUS\.jdks\corretto-17.0.12\bin\management_ext.dll
Event: 4.268 Loaded shared library C:\Users\ASUS\.jdks\corretto-17.0.12\bin\extnet.dll
Event: 4.685 Loaded shared library C:\Users\ASUS\.jdks\corretto-17.0.12\bin\sunmscapi.dll

Deoptimization events (20 events):
Event: 9.452 Thread 0x0000019ff51d78e0 DEOPT PACKING pc=0x0000019fcf530b5c sp=0x00000065256fa6e0
Event: 9.452 Thread 0x0000019ff51d78e0 DEOPT UNPACKING pc=0x0000019fcef569a3 sp=0x00000065256fa6a0 mode 2
Event: 9.452 Thread 0x0000019ff51d78e0 Uncommon trap: trap_request=0xffffff45 fr.pc=0x0000019fcf60a024 relative=0x0000000000003964
Event: 9.452 Thread 0x0000019ff51d78e0 Uncommon trap: reason=unstable_if action=reinterpret pc=0x0000019fcf60a024 method=java.lang.String.regionMatches(ZILjava/lang/String;II)Z @ 36 c2
Event: 9.452 Thread 0x0000019ff51d78e0 DEOPT PACKING pc=0x0000019fcf60a024 sp=0x00000065256fa530
Event: 9.452 Thread 0x0000019ff51d78e0 DEOPT UNPACKING pc=0x0000019fcef569a3 sp=0x00000065256fa450 mode 2
Event: 9.455 Thread 0x0000019ff51d78e0 DEOPT PACKING pc=0x0000019fcf5dbc0c sp=0x00000065256fa770
Event: 9.455 Thread 0x0000019ff51d78e0 DEOPT UNPACKING pc=0x0000019fcef57143 sp=0x00000065256f9cd8 mode 0
Event: 9.456 Thread 0x0000019ff51d78e0 Uncommon trap: trap_request=0xffffff45 fr.pc=0x0000019fcf5eb060 relative=0x0000000000003a00
Event: 9.456 Thread 0x0000019ff51d78e0 Uncommon trap: reason=unstable_if action=reinterpret pc=0x0000019fcf5eb060 method=java.lang.ClassLoader.getClassLoadingLock(Ljava/lang/String;)Ljava/lang/Object; @ 6 c2
Event: 9.456 Thread 0x0000019ff51d78e0 DEOPT PACKING pc=0x0000019fcf5eb060 sp=0x00000065256f8d50
Event: 9.456 Thread 0x0000019ff51d78e0 DEOPT UNPACKING pc=0x0000019fcef569a3 sp=0x00000065256f8d40 mode 2
Event: 9.458 Thread 0x0000019ff51d78e0 Uncommon trap: trap_request=0xffffff45 fr.pc=0x0000019fcf5b980c relative=0x00000000000000ec
Event: 9.458 Thread 0x0000019ff51d78e0 Uncommon trap: reason=unstable_if action=reinterpret pc=0x0000019fcf5b980c method=java.lang.ClassLoader.getClassLoadingLock(Ljava/lang/String;)Ljava/lang/Object; @ 6 c2
Event: 9.458 Thread 0x0000019ff51d78e0 DEOPT PACKING pc=0x0000019fcf5b980c sp=0x00000065256f8fe0
Event: 9.458 Thread 0x0000019ff51d78e0 DEOPT UNPACKING pc=0x0000019fcef569a3 sp=0x00000065256f8f80 mode 2
Event: 9.458 Thread 0x0000019ff51d78e0 Uncommon trap: trap_request=0xffffff45 fr.pc=0x0000019fcf61f78c relative=0x00000000000007cc
Event: 9.458 Thread 0x0000019ff51d78e0 Uncommon trap: reason=unstable_if action=reinterpret pc=0x0000019fcf61f78c method=java.lang.Class.getPackageName()Ljava/lang/String; @ 55 c2
Event: 9.458 Thread 0x0000019ff51d78e0 DEOPT PACKING pc=0x0000019fcf61f78c sp=0x00000065256fa500
Event: 9.458 Thread 0x0000019ff51d78e0 DEOPT UNPACKING pc=0x0000019fcef569a3 sp=0x00000065256fa4c0 mode 2

Classes loaded (20 events):
Event: 9.481 Loading class java/beans/Transient
Event: 9.481 Loading class java/beans/Transient done
Event: 9.492 Loading class java/util/stream/IntPipeline$1
Event: 9.493 Loading class java/util/stream/IntPipeline$1 done
Event: 9.493 Loading class java/util/stream/Nodes$FixedNodeBuilder
Event: 9.494 Loading class java/util/stream/Nodes$ArrayNode
Event: 9.494 Loading class java/util/stream/Nodes$ArrayNode done
Event: 9.494 Loading class java/util/stream/Nodes$FixedNodeBuilder done
Event: 9.494 Loading class java/util/stream/IntPipeline$1$1
Event: 9.496 Loading class java/util/stream/IntPipeline$1$1 done
Event: 9.533 Loading class java/lang/IllegalAccessError
Event: 9.540 Loading class java/lang/IllegalAccessError done
Event: 9.555 Loading class java/lang/ProcessBuilder
Event: 9.561 Loading class java/lang/ProcessBuilder done
Event: 9.561 Loading class java/lang/Process
Event: 9.569 Loading class java/lang/Process done
Event: 9.858 Loading class java/lang/InstantiationException
Event: 9.859 Loading class java/lang/InstantiationException done
Event: 9.865 Loading class java/util/EventListener
Event: 9.866 Loading class java/util/EventListener done

Classes unloaded (0 events):
No events

Classes redefined (0 events):
No events

Internal exceptions (20 events):
Event: 6.998 Thread 0x0000019ff51d78e0 Exception <a 'java/lang/NoSuchMethodError'{0x00000000eeed14e0}: 'java.lang.Object java.lang.invoke.DirectMethodHandle$Holder.invokeStatic(java.lang.Object, java.lang.Object, java.lang.Object, java.lang.Object, java.lang.Object, java.lang.Object, java.lang.Object, java.lang.Object, java.lang.Object, java.lang.Object, java.lang.Object, java.lang.Object, java.lang.Object, java.lang.Object, java.lang.Object, java.lang.Object, java.lang.Object, java.lang.Object, java.lang.Object, java.lang.Object, java.lang.Obj
Event: 7.001 Thread 0x0000019ff51d78e0 Exception <a 'java/lang/NoSuchMethodError'{0x00000000eed02968}: 'java.lang.Object java.lang.invoke.DirectMethodHandle$Holder.invokeStatic(java.lang.Object, java.lang.Object, java.lang.Object, java.lang.Object, java.lang.Object, java.lang.Object, java.lang.Object, java.lang.Object, java.lang.Object, java.lang.Object, java.lang.Object, java.lang.Object, java.lang.Object, java.lang.Object, java.lang.Object, java.lang.Object, java.lang.Object, java.lang.Object, java.lang.Object, java.lang.Object, java.lang.Obj
Event: 7.004 Thread 0x0000019ff51d78e0 Exception <a 'java/lang/NoSuchMethodError'{0x00000000eed34488}: 'java.lang.Object java.lang.invoke.DirectMethodHandle$Holder.invokeStatic(java.lang.Object, java.lang.Object, java.lang.Object, java.lang.Object, java.lang.Object, java.lang.Object, java.lang.Object, java.lang.Object, java.lang.Object, java.lang.Object, java.lang.Object, java.lang.Object, java.lang.Object, java.lang.Object, java.lang.Object, java.lang.Object, java.lang.Object, java.lang.Object, java.lang.Object, java.lang.Object, java.lang.Obj
Event: 7.058 Thread 0x0000019ff51d78e0 Exception <a 'java/lang/NoSuchMethodError'{0x00000000eece3040}: 'java.lang.Object java.lang.invoke.DirectMethodHandle$Holder.invokeStaticInit(java.lang.Object, java.lang.Object, java.lang.Object, java.lang.Object)'> (0x00000000eece3040) 
thrown [s\src\hotspot\share\interpreter\linkResolver.cpp, line 759]
Event: 7.100 Thread 0x0000019ff51d78e0 Exception <a 'java/lang/NoSuchMethodError'{0x00000000eea9bec0}: 'java.lang.Object java.lang.invoke.DirectMethodHandle$Holder.newInvokeSpecial(java.lang.Object, java.lang.Object, java.lang.Object, java.lang.Object, java.lang.Object, java.lang.Object, java.lang.Object, java.lang.Object)'> (0x00000000eea9bec0) 
thrown [s\src\hotspot\share\interpreter\linkResolver.cpp, line 759]
Event: 7.101 Thread 0x0000019ff51d78e0 Exception <a 'java/lang/NoSuchMethodError'{0x00000000eeaa18c8}: 'java.lang.Object java.lang.invoke.DirectMethodHandle$Holder.invokeSpecial(java.lang.Object, java.lang.Object, java.lang.Object, java.lang.Object, java.lang.Object, java.lang.Object, java.lang.Object, java.lang.Object, java.lang.Object)'> (0x00000000eeaa18c8) 
thrown [s\src\hotspot\share\interpreter\linkResolver.cpp, line 759]
Event: 7.101 Thread 0x0000019ff51d78e0 Exception <a 'java/lang/NoSuchMethodError'{0x00000000eeaa6c78}: 'java.lang.Object java.lang.invoke.Invokers$Holder.linkToTargetMethod(java.lang.Object, java.lang.Object, java.lang.Object, java.lang.Object, java.lang.Object, java.lang.Object, java.lang.Object, java.lang.Object)'> (0x00000000eeaa6c78) 
thrown [s\src\hotspot\share\interpreter\linkResolver.cpp, line 759]
Event: 7.111 Thread 0x0000019ff51d78e0 Exception <a 'java/lang/NoSuchMethodError'{0x00000000eeaf4200}: 'void java.lang.invoke.DirectMethodHandle$Holder.invokeStatic(java.lang.Object, java.lang.Object, java.lang.Object, java.lang.Object)'> (0x00000000eeaf4200) 
thrown [s\src\hotspot\share\interpreter\linkResolver.cpp, line 759]
Event: 7.218 Thread 0x0000019ff51d78e0 Exception <a 'java/lang/NoSuchMethodError'{0x00000000eff18da0}: 'void java.lang.invoke.DirectMethodHandle$Holder.invokeStaticInit(java.lang.Object, java.lang.Object)'> (0x00000000eff18da0) 
thrown [s\src\hotspot\share\interpreter\linkResolver.cpp, line 759]
Event: 7.615 Thread 0x0000019ff51d78e0 Exception <a 'java/lang/NoSuchMethodError'{0x00000000ef82cd60}: 'int java.lang.invoke.DirectMethodHandle$Holder.invokeVirtual(java.lang.Object, java.lang.Object)'> (0x00000000ef82cd60) 
thrown [s\src\hotspot\share\interpreter\linkResolver.cpp, line 759]
Event: 9.128 Thread 0x0000019ff51d78e0 Exception <a 'java/lang/IncompatibleClassChangeError'{0x00000000eec89990}: Found class java.lang.Object, but interface was expected> (0x00000000eec89990) 
thrown [s\src\hotspot\share\interpreter\linkResolver.cpp, line 826]
Event: 9.194 Thread 0x0000019ff51d78e0 Exception <a 'java/lang/NoSuchMethodError'{0x00000000eeb6ca88}: 'java.lang.Object java.lang.invoke.DirectMethodHandle$Holder.newInvokeSpecial(java.lang.Object, java.lang.Object, long)'> (0x00000000eeb6ca88) 
thrown [s\src\hotspot\share\interpreter\linkResolver.cpp, line 759]
Event: 9.195 Thread 0x0000019ff51d78e0 Exception <a 'java/lang/NoSuchMethodError'{0x00000000eeb71098}: 'java.lang.Object java.lang.invoke.Invokers$Holder.linkToTargetMethod(java.lang.Object, long, java.lang.Object)'> (0x00000000eeb71098) 
thrown [s\src\hotspot\share\interpreter\linkResolver.cpp, line 759]
Event: 9.256 Thread 0x0000019ff51d78e0 Exception <a 'java/lang/NoSuchMethodError'{0x00000000ee819170}: 'int java.lang.invoke.DirectMethodHandle$Holder.invokeInterface(java.lang.Object, java.lang.Object)'> (0x00000000ee819170) 
thrown [s\src\hotspot\share\interpreter\linkResolver.cpp, line 759]
Event: 9.266 Thread 0x0000019ff51d78e0 Exception <a 'java/lang/NoSuchMethodError'{0x00000000ee8a8b28}: 'java.lang.Object java.lang.invoke.DirectMethodHandle$Holder.invokeVirtual(java.lang.Object, java.lang.Object, int)'> (0x00000000ee8a8b28) 
thrown [s\src\hotspot\share\interpreter\linkResolver.cpp, line 759]
Event: 9.295 Thread 0x0000019ff51d78e0 Exception <a 'java/lang/NoSuchMethodError'{0x00000000ee56fa88}: 'java.lang.Object java.lang.invoke.DirectMethodHandle$Holder.invokeStatic(java.lang.Object, java.lang.Object, int, java.lang.Object)'> (0x00000000ee56fa88) 
thrown [s\src\hotspot\share\interpreter\linkResolver.cpp, line 759]
Event: 9.296 Thread 0x0000019ff51d78e0 Exception <a 'java/lang/NoSuchMethodError'{0x00000000ee577a08}: 'java.lang.Object java.lang.invoke.DirectMethodHandle$Holder.newInvokeSpecial(java.lang.Object, java.lang.Object, int, java.lang.Object)'> (0x00000000ee577a08) 
thrown [s\src\hotspot\share\interpreter\linkResolver.cpp, line 759]
Event: 9.296 Thread 0x0000019ff51d78e0 Exception <a 'java/lang/NoSuchMethodError'{0x00000000ee57c3e8}: 'java.lang.Object java.lang.invoke.DirectMethodHandle$Holder.invokeSpecial(java.lang.Object, java.lang.Object, java.lang.Object, int, java.lang.Object)'> (0x00000000ee57c3e8) 
thrown [s\src\hotspot\share\interpreter\linkResolver.cpp, line 759]
Event: 9.554 Thread 0x0000019ff51d78e0 Exception <a 'java/lang/NoSuchMethodError'{0x00000000ee007450}: 'java.lang.Object java.lang.invoke.DirectMethodHandle$Holder.invokeStaticInit(java.lang.Object, java.lang.Object, java.lang.Object, java.lang.Object, java.lang.Object, java.lang.Object, java.lang.Object)'> (0x00000000ee007450) 
thrown [s\src\hotspot\share\interpreter\linkResolver.cpp, line 759]
Event: 9.578 Thread 0x0000019ff51d78e0 Exception <a 'java/lang/NoSuchMethodError'{0x00000000ee030fa0}: 'java.lang.Object java.lang.invoke.DirectMethodHandle$Holder.invokeSpecial(java.lang.Object, java.lang.Object, java.lang.Object, int, java.lang.Object, java.lang.Object)'> (0x00000000ee030fa0) 
thrown [s\src\hotspot\share\interpreter\linkResolver.cpp, line 759]

VM Operations (20 events):
Event: 7.165 Executing VM operation: CollectForMetadataAllocation
Event: 7.185 Executing VM operation: CollectForMetadataAllocation done
Event: 7.196 Executing VM operation: G1PauseRemark
Event: 7.201 Executing VM operation: G1PauseRemark done
Event: 7.209 Executing VM operation: G1PauseCleanup
Event: 7.209 Executing VM operation: G1PauseCleanup done
Event: 7.796 Executing VM operation: HandshakeAllThreads
Event: 7.796 Executing VM operation: HandshakeAllThreads done
Event: 8.801 Executing VM operation: Cleanup
Event: 8.801 Executing VM operation: Cleanup done
Event: 9.118 Executing VM operation: HandshakeAllThreads
Event: 9.118 Executing VM operation: HandshakeAllThreads done
Event: 9.138 Executing VM operation: HandshakeAllThreads
Event: 9.138 Executing VM operation: HandshakeAllThreads done
Event: 9.196 Executing VM operation: HandshakeAllThreads
Event: 9.197 Executing VM operation: HandshakeAllThreads done
Event: 9.454 Executing VM operation: HandshakeAllThreads
Event: 9.454 Executing VM operation: HandshakeAllThreads done
Event: 9.455 Executing VM operation: HandshakeAllThreads
Event: 9.455 Executing VM operation: HandshakeAllThreads done

Events (20 events):
Event: 4.728 Thread 0x0000019ff42bcd60 Thread added: 0x0000019ff42bcd60
Event: 4.732 Thread 0x0000019ff52ce3f0 Thread added: 0x0000019ff52ce3f0
Event: 4.801 Thread 0x0000019ff51d8300 Thread added: 0x0000019ff51d8300
Event: 4.826 Thread 0x0000019ff51d78e0 Thread added: 0x0000019ff51d78e0
Event: 4.851 Thread 0x0000019ff51d7df0 Thread added: 0x0000019ff51d7df0
Event: 4.859 Thread 0x0000019ff51d69b0 Thread added: 0x0000019ff51d69b0
Event: 4.862 Thread 0x0000019ff51d5f90 Thread added: 0x0000019ff51d5f90
Event: 5.519 Thread 0x0000019ff51d8810 Thread added: 0x0000019ff51d8810
Event: 5.536 Thread 0x0000019ff51d64a0 Thread added: 0x0000019ff51d64a0
Event: 5.570 Thread 0x0000019ff45b2f00 Thread added: 0x0000019ff45b2f00
Event: 5.595 Thread 0x0000019ff51d5060 Thread added: 0x0000019ff51d5060
Event: 5.819 Thread 0x0000019ff45b2f00 Thread exited: 0x0000019ff45b2f00
Event: 6.802 Thread 0x0000019ff45b2460 Thread added: 0x0000019ff45b2460
Event: 6.897 Thread 0x0000019ff51d5570 Thread added: 0x0000019ff51d5570
Event: 6.935 Thread 0x0000019ff51d6ec0 Thread added: 0x0000019ff51d6ec0
Event: 7.588 Thread 0x0000019ff51d5a80 Thread added: 0x0000019ff51d5a80
Event: 7.613 Thread 0x0000019ff72b7760 Thread added: 0x0000019ff72b7760
Event: 8.032 Thread 0x0000019ff45b2460 Thread exited: 0x0000019ff45b2460
Event: 9.297 Thread 0x0000019ff72baa00 Thread added: 0x0000019ff72baa00
Event: 9.423 Thread 0x0000019ff72b6830 Thread added: 0x0000019ff72b6830


Dynamic libraries:
0x00007ff6eafa0000 - 0x00007ff6eafae000 	C:\Users\ASUS\.jdks\corretto-17.0.12\bin\java.exe
0x00007ffc86590000 - 0x00007ffc86788000 	C:\Windows\SYSTEM32\ntdll.dll
0x00007ffc84ae0000 - 0x00007ffc84b9f000 	C:\Windows\System32\KERNEL32.DLL
0x00007ffc841e0000 - 0x00007ffc844b2000 	C:\Windows\System32\KERNELBASE.dll
0x00007ffc83cb0000 - 0x00007ffc83db0000 	C:\Windows\System32\ucrtbase.dll
0x00007ffc64540000 - 0x00007ffc6455b000 	C:\Users\ASUS\.jdks\corretto-17.0.12\bin\VCRUNTIME140.dll
0x00007ffc64560000 - 0x00007ffc64577000 	C:\Users\ASUS\.jdks\corretto-17.0.12\bin\jli.dll
0x00007ffc86290000 - 0x00007ffc86431000 	C:\Windows\System32\USER32.dll
0x00007ffc70260000 - 0x00007ffc704fa000 	C:\Windows\WinSxS\amd64_microsoft.windows.common-controls_6595b64144ccf1df_6.0.19041.1110_none_60b5254171f9507e\COMCTL32.dll
0x00007ffc849e0000 - 0x00007ffc84a7e000 	C:\Windows\System32\msvcrt.dll
0x00007ffc850d0000 - 0x00007ffc850fb000 	C:\Windows\System32\GDI32.dll
0x00007ffc83c80000 - 0x00007ffc83ca2000 	C:\Windows\System32\win32u.dll
0x00007ffc840d0000 - 0x00007ffc841df000 	C:\Windows\System32\gdi32full.dll
0x00007ffc84530000 - 0x00007ffc845cd000 	C:\Windows\System32\msvcp_win.dll
0x00007ffc846f0000 - 0x00007ffc84722000 	C:\Windows\System32\IMM32.DLL
0x00007ffc64530000 - 0x00007ffc6453c000 	C:\Users\ASUS\.jdks\corretto-17.0.12\bin\vcruntime140_1.dll
0x00007ffc5fdd0000 - 0x00007ffc5fe5d000 	C:\Users\ASUS\.jdks\corretto-17.0.12\bin\msvcp140.dll
0x00007ffc06b10000 - 0x00007ffc0777a000 	C:\Users\ASUS\.jdks\corretto-17.0.12\bin\server\jvm.dll
0x00007ffc85580000 - 0x00007ffc8562e000 	C:\Windows\System32\ADVAPI32.dll
0x00007ffc84ba0000 - 0x00007ffc84c3c000 	C:\Windows\System32\sechost.dll
0x00007ffc84fa0000 - 0x00007ffc850c5000 	C:\Windows\System32\RPCRT4.dll
0x00007ffc864e0000 - 0x00007ffc8654b000 	C:\Windows\System32\WS2_32.dll
0x00007ffc83200000 - 0x00007ffc8324b000 	C:\Windows\SYSTEM32\POWRPROF.dll
0x00007ffc7a2d0000 - 0x00007ffc7a2f7000 	C:\Windows\SYSTEM32\WINMM.dll
0x00007ffc7dc10000 - 0x00007ffc7dc1a000 	C:\Windows\SYSTEM32\VERSION.dll
0x00007ffc830c0000 - 0x00007ffc830d2000 	C:\Windows\SYSTEM32\UMPDC.dll
0x00007ffc81b40000 - 0x00007ffc81b52000 	C:\Windows\SYSTEM32\kernel.appcore.dll
0x00007ffc64520000 - 0x00007ffc6452a000 	C:\Users\ASUS\.jdks\corretto-17.0.12\bin\jimage.dll
0x00007ffc6c3d0000 - 0x00007ffc6c5b4000 	C:\Windows\SYSTEM32\DBGHELP.DLL
0x00007ffc6ccc0000 - 0x00007ffc6ccf5000 	C:\Windows\SYSTEM32\dbgcore.DLL
0x00007ffc83de0000 - 0x00007ffc83e62000 	C:\Windows\System32\bcryptPrimitives.dll
0x00007ffc64510000 - 0x00007ffc6451e000 	C:\Users\ASUS\.jdks\corretto-17.0.12\bin\instrument.dll
0x00007ffc5fda0000 - 0x00007ffc5fdc5000 	C:\Users\ASUS\.jdks\corretto-17.0.12\bin\java.dll
0x00007ffc5f9d0000 - 0x00007ffc5faa7000 	C:\Users\ASUS\.jdks\corretto-17.0.12\bin\jsvml.dll
0x00007ffc85860000 - 0x00007ffc85fa5000 	C:\Windows\System32\SHELL32.dll
0x00007ffc81d40000 - 0x00007ffc824d2000 	C:\Windows\SYSTEM32\windows.storage.dll
0x00007ffc84c40000 - 0x00007ffc84f95000 	C:\Windows\System32\combase.dll
0x00007ffc836e0000 - 0x00007ffc83710000 	C:\Windows\SYSTEM32\Wldp.dll
0x00007ffc84730000 - 0x00007ffc847dd000 	C:\Windows\System32\SHCORE.dll
0x00007ffc85630000 - 0x00007ffc85685000 	C:\Windows\System32\shlwapi.dll
0x00007ffc83bc0000 - 0x00007ffc83bdf000 	C:\Windows\SYSTEM32\profapi.dll
0x00007ffc5fd40000 - 0x00007ffc5fd58000 	C:\Users\ASUS\.jdks\corretto-17.0.12\bin\zip.dll
0x00007ffc5fd20000 - 0x00007ffc5fd39000 	C:\Users\ASUS\.jdks\corretto-17.0.12\bin\net.dll
0x00007ffc7b940000 - 0x00007ffc7ba4c000 	C:\Windows\SYSTEM32\WINHTTP.dll
0x00007ffc83440000 - 0x00007ffc834aa000 	C:\Windows\system32\mswsock.dll
0x00007ffc5fd00000 - 0x00007ffc5fd16000 	C:\Users\ASUS\.jdks\corretto-17.0.12\bin\nio.dll
0x00007ffc64500000 - 0x00007ffc64510000 	C:\Users\ASUS\.jdks\corretto-17.0.12\bin\verify.dll
0x00007ffc64580000 - 0x00007ffc645a7000 	C:\Users\ASUS\.gradle\native\1def1411415f61bf3af743bc5b6707747c0891f09f0c88961ee8f79bc544acac\windows-amd64\native-platform.dll
0x00007ffc5f950000 - 0x00007ffc5f9c8000 	C:\Users\ASUS\.gradle\native\0.2.6\x86_64-windows-gnu\gradle-fileevents.dll
0x00007ffc5fcf0000 - 0x00007ffc5fcf9000 	C:\Users\ASUS\.jdks\corretto-17.0.12\bin\management.dll
0x00007ffc5f920000 - 0x00007ffc5f92b000 	C:\Users\ASUS\.jdks\corretto-17.0.12\bin\management_ext.dll
0x00007ffc85100000 - 0x00007ffc85108000 	C:\Windows\System32\PSAPI.DLL
0x00007ffc830e0000 - 0x00007ffc8311b000 	C:\Windows\SYSTEM32\IPHLPAPI.DLL
0x00007ffc85850000 - 0x00007ffc85858000 	C:\Windows\System32\NSI.dll
0x00007ffc7bf40000 - 0x00007ffc7bf57000 	C:\Windows\SYSTEM32\dhcpcsvc6.DLL
0x00007ffc7c9c0000 - 0x00007ffc7c9dd000 	C:\Windows\SYSTEM32\dhcpcsvc.DLL
0x00007ffc83130000 - 0x00007ffc831fb000 	C:\Windows\SYSTEM32\DNSAPI.dll
0x00007ffc5f910000 - 0x00007ffc5f919000 	C:\Users\ASUS\.jdks\corretto-17.0.12\bin\extnet.dll
0x00007ffc83630000 - 0x00007ffc83648000 	C:\Windows\SYSTEM32\CRYPTSP.dll
0x00007ffc82cf0000 - 0x00007ffc82d24000 	C:\Windows\system32\rsaenh.dll
0x00007ffc83db0000 - 0x00007ffc83dd7000 	C:\Windows\System32\bcrypt.dll
0x00007ffc83b80000 - 0x00007ffc83bae000 	C:\Windows\SYSTEM32\USERENV.dll
0x00007ffc83650000 - 0x00007ffc8365c000 	C:\Windows\SYSTEM32\CRYPTBASE.dll
0x00007ffc5f900000 - 0x00007ffc5f90e000 	C:\Users\ASUS\.jdks\corretto-17.0.12\bin\sunmscapi.dll
0x00007ffc83e70000 - 0x00007ffc83fc6000 	C:\Windows\System32\CRYPT32.dll
0x00007ffc83750000 - 0x00007ffc83777000 	C:\Windows\SYSTEM32\ncrypt.dll
0x00007ffc83710000 - 0x00007ffc8374b000 	C:\Windows\SYSTEM32\NTASN1.dll
0x00007ffc7e2a0000 - 0x00007ffc7e2a7000 	C:\Windows\system32\wshunix.dll

dbghelp: loaded successfully - version: 4.0.5 - missing functions: none
symbol engine: initialized successfully - sym options: 0x614 - pdb path: .;C:\Users\ASUS\.jdks\corretto-17.0.12\bin;C:\Windows\SYSTEM32;C:\Windows\WinSxS\amd64_microsoft.windows.common-controls_6595b64144ccf1df_6.0.19041.1110_none_60b5254171f9507e;C:\Users\ASUS\.jdks\corretto-17.0.12\bin\server;C:\Users\ASUS\.gradle\native\1def1411415f61bf3af743bc5b6707747c0891f09f0c88961ee8f79bc544acac\windows-amd64;C:\Users\ASUS\.gradle\native\0.2.6\x86_64-windows-gnu

VM Arguments:
jvm_args: --add-opens=java.base/java.lang=ALL-UNNAMED --add-opens=java.base/java.lang.invoke=ALL-UNNAMED --add-opens=java.base/java.util=ALL-UNNAMED --add-opens=java.prefs/java.util.prefs=ALL-UNNAMED --add-exports=jdk.compiler/com.sun.tools.javac.api=ALL-UNNAMED --add-exports=jdk.compiler/com.sun.tools.javac.util=ALL-UNNAMED --add-opens=java.base/java.util=ALL-UNNAMED --add-opens=java.prefs/java.util.prefs=ALL-UNNAMED --add-opens=java.base/java.nio.charset=ALL-UNNAMED --add-opens=java.base/java.net=ALL-UNNAMED --add-opens=java.base/java.util.concurrent.atomic=ALL-UNNAMED --add-opens=java.xml/javax.xml.namespace=ALL-UNNAMED -XX:MaxMetaspaceSize=384m -XX:+HeapDumpOnOutOfMemoryError -Xms256m -Xmx512m -Dfile.encoding=windows-1252 -Duser.country=US -Duser.language=en -Duser.variant -javaagent:C:\Users\ASUS\.gradle\wrapper\dists\gradle-8.12.1-bin\eumc4uhoysa37zql93vfjkxy0\gradle-8.12.1\lib\agents\gradle-instrumentation-agent-8.12.1.jar 
java_command: org.gradle.launcher.daemon.bootstrap.GradleDaemon 8.12.1
java_class_path (initial): C:\Users\ASUS\.gradle\wrapper\dists\gradle-8.12.1-bin\eumc4uhoysa37zql93vfjkxy0\gradle-8.12.1\lib\gradle-daemon-main-8.12.1.jar
Launcher Type: SUN_STANDARD

[Global flags]
     intx CICompilerCount                          = 3                                         {product} {ergonomic}
   size_t CompressedClassSpaceSize                 = 335544320                                 {product} {ergonomic}
     uint ConcGCThreads                            = 1                                         {product} {ergonomic}
     uint G1ConcRefinementThreads                  = 4                                         {product} {ergonomic}
   size_t G1HeapRegionSize                         = 1048576                                   {product} {ergonomic}
    uintx GCDrainStackTargetSize                   = 64                                        {product} {ergonomic}
     bool HeapDumpOnOutOfMemoryError               = true                                   {manageable} {command line}
   size_t InitialHeapSize                          = 268435456                                 {product} {command line}
   size_t MarkStackSize                            = 4194304                                   {product} {ergonomic}
   size_t MaxHeapSize                              = 536870912                                 {product} {command line}
   size_t MaxMetaspaceSize                         = 402653184                                 {product} {command line}
   size_t MaxNewSize                               = 321912832                                 {product} {ergonomic}
   size_t MinHeapDeltaBytes                        = 1048576                                   {product} {ergonomic}
   size_t MinHeapSize                              = 268435456                                 {product} {command line}
    uintx NonNMethodCodeHeapSize                   = 5832780                                {pd product} {ergonomic}
    uintx NonProfiledCodeHeapSize                  = 122912730                              {pd product} {ergonomic}
    uintx ProfiledCodeHeapSize                     = 122912730                              {pd product} {ergonomic}
    uintx ReservedCodeCacheSize                    = 251658240                              {pd product} {ergonomic}
     bool SegmentedCodeCache                       = true                                      {product} {ergonomic}
   size_t SoftMaxHeapSize                          = 536870912                              {manageable} {ergonomic}
     bool UseCompressedClassPointers               = true                           {product lp64_product} {ergonomic}
     bool UseCompressedOops                        = true                           {product lp64_product} {ergonomic}
     bool UseG1GC                                  = true                                      {product} {ergonomic}
     bool UseLargePagesIndividualAllocation        = false                                  {pd product} {ergonomic}

Logging:
Log output configuration:
 #0: stdout all=warning uptime,level,tags
 #1: stderr all=off uptime,level,tags

Environment Variables:
PATH=C:\Python313\Scripts\;C:\Python313\;C:\Windows\system32;C:\Windows;C:\Windows\System32\Wbem;C:\Windows\System32\WindowsPowerShell\v1.0\;C:\Windows\System32\OpenSSH\;C:\Program Files\Git\cmd;C:\ProgramData\chocolatey\bin;%NVM_HOME%;%NVM_SYMLINK%;D:\JAVA FULL STACK\;C:\Program Files\MySQL\MySQL Shell 8.0\bin\;C:\Users\ASUS\AppData\Local\Microsoft\WindowsApps;D:\WebStorm 2024.1.5\bin;;C:\Users\ASUS\AppData\Local\nvm;C:\nvm4w\nodejs;C:\Users\ASUS\AppData\Roaming\npm
USERNAME=ASUS
OS=Windows_NT
PROCESSOR_IDENTIFIER=Intel64 Family 6 Model 158 Stepping 9, GenuineIntel
TMP=C:\Users\ASUS\AppData\Local\Temp
TEMP=C:\Users\ASUS\AppData\Local\Temp



Periodic native trim disabled


---------------  S Y S T E M  ---------------

OS:
 Windows 10 , 64 bit Build 19041 (10.0.19041.2546)
OS uptime: 0 days 1:44 hours

CPU: total 4 (initial active 4) (4 cores per cpu, 1 threads per core) family 6 model 158 stepping 9 microcode 0xb4, cx8, cmov, fxsr, mmx, 3dnowpref, sse, sse2, sse3, ssse3, sse4.1, sse4.2, popcnt, lzcnt, tsc, tscinvbit, avx, avx2, aes, erms, clmul, bmi1, bmi2, adx, fma, vzeroupper, clflush, clflushopt
Processor Information for all 4 processors :
  Max Mhz: 2501, Current Mhz: 2500, Mhz Limit: 2475

Memory: 4k page, system-wide physical 8076M (311M free)
TotalPageFile size 15897M (AvailPageFile size 2M)
current process WorkingSet (physical memory assigned to process): 315M, peak: 317M
current process commit charge ("private bytes"): 428M, peak: 430M

vm_info: OpenJDK 64-Bit Server VM (17.0.12+7-LTS) for windows-amd64 JRE (17.0.12+7-LTS), built on Jul 10 2024 20:46:33 by "Administrator" with MS VC++ 16.10 / 16.11 (VS2019)

END.
